log started: Mon Jul 28 15:03:30 2025

Log file: ./leap.log
>> #
>> # ----- leaprc for loading the ff14SB force field
>> # ----- NOTE: this is designed for PDB format 3!
>> #
>> #	load atom type hybridizations
>> #
>> addAtomTypes {
>> 	{ "H"   "H" "sp3" }
>> 	{ "HO"  "H" "sp3" }
>> 	{ "HS"  "H" "sp3" }
>> 	{ "H1"  "H" "sp3" }
>> 	{ "H2"  "H" "sp3" }
>> 	{ "H3"  "H" "sp3" }
>> 	{ "H4"  "H" "sp3" }
>> 	{ "H5"  "H" "sp3" }
>> 	{ "HW"  "H" "sp3" }
>> 	{ "HC"  "H" "sp3" }
>> 	{ "HA"  "H" "sp3" }
>> 	{ "HP"  "H" "sp3" }
>> 	{ "HZ"  "H" "sp3" }
>> 	{ "OH"  "O" "sp3" }
>> 	{ "OS"  "O" "sp3" }
>> 	{ "O"   "O" "sp2" }
>> 	{ "O2"  "O" "sp2" }
>> 	{ "OP"  "O" "sp2" }
>> 	{ "OW"  "O" "sp3" }
>> 	{ "CT"  "C" "sp3" }
>> 	{ "CX"  "C" "sp3" }
>> 	{ "C8"  "C" "sp3" }
>> 	{ "2C"  "C" "sp3" }
>> 	{ "3C"  "C" "sp3" }
>> 	{ "CH"  "C" "sp3" }
>> 	{ "CS"  "C" "sp2" }
>> 	{ "C"   "C" "sp2" }
>> 	{ "CO"   "C" "sp2" }
>> 	{ "C*"  "C" "sp2" }
>> 	{ "CA"  "C" "sp2" }
>> 	{ "CB"  "C" "sp2" }
>> 	{ "CC"  "C" "sp2" }
>> 	{ "CN"  "C" "sp2" }
>> 	{ "CM"  "C" "sp2" }
>> 	{ "CK"  "C" "sp2" }
>> 	{ "CQ"  "C" "sp2" }
>> 	{ "CD"  "C" "sp2" }
>> 	{ "C5"  "C" "sp2" }
>> 	{ "C4"  "C" "sp2" }
>> 	{ "CP"  "C" "sp2" }
>> 	{ "CI"  "C" "sp3" }
>> 	{ "CJ"  "C" "sp2" }
>> 	{ "CW"  "C" "sp2" }
>> 	{ "CV"  "C" "sp2" }
>> 	{ "CR"  "C" "sp2" }
>> 	{ "CA"  "C" "sp2" }
>> 	{ "CY"  "C" "sp2" }
>> 	{ "C0"  "Ca" "sp3" }
>> 	{ "MG"  "Mg" "sp3" }
>> 	{ "N"   "N" "sp2" }
>> 	{ "NA"  "N" "sp2" }
>> 	{ "N2"  "N" "sp2" }
>> 	{ "N*"  "N" "sp2" }
>> 	{ "NP"  "N" "sp2" }
>> 	{ "NQ"  "N" "sp2" }
>> 	{ "NB"  "N" "sp2" }
>> 	{ "NC"  "N" "sp2" }
>> 	{ "NT"  "N" "sp3" }
>> 	{ "NY"  "N" "sp2" }
>> 	{ "N3"  "N" "sp3" }
>> 	{ "S"   "S" "sp3" }
>> 	{ "SH"  "S" "sp3" }
>> 	{ "P"   "P" "sp3" }
>> 	{ "LP"  ""  "sp3" }
>> 	{ "EP"  ""  "sp3" }
>> 	{ "F"   "F" "sp3" }
>> 	{ "Cl"  "Cl" "sp3" }
>> 	{ "Br"  "Br" "sp3" }
>> 	{ "I"   "I"  "sp3" }
>> }
>> #
>> #	Load the main parameter set.
>> #
>> parm10 = loadamberparams parm10.dat
Loading parameters: /usr/local/bin/../dat/leap/parm/parm10.dat
Reading title:
PARM99 + frcmod.ff99SB + frcmod.parmbsc0 + OL3 for RNA
(UNKNOWN ATOM TYPE: Zn)
(UNKNOWN ATOM TYPE: EP)
>> frcmod14SB = loadamberparams frcmod.ff14SB
Loading parameters: /usr/local/bin/../dat/leap/parm/frcmod.ff14SB
Reading force field modification type file (frcmod)
Reading title:
ff14SB protein backbone and sidechain parameters
>> #
>> #	Load main chain and terminating amino acid libraries
>> #
>> loadOff amino12.lib
Loading library: /usr/local/bin/../dat/leap/lib/amino12.lib
Loading: ALA
Loading: ARG
Loading: ASH
Loading: ASN
Loading: ASP
Loading: CYM
Loading: CYS
Loading: CYX
Loading: GLH
Loading: GLN
Loading: GLU
Loading: GLY
Loading: HID
Loading: HIE
Loading: HIP
Loading: HYP
Loading: ILE
Loading: LEU
Loading: LYN
Loading: LYS
Loading: MET
Loading: PHE
Loading: PRO
Loading: SER
Loading: THR
Loading: TRP
Loading: TYR
Loading: VAL
>> loadOff aminoct12.lib
Loading library: /usr/local/bin/../dat/leap/lib/aminoct12.lib
Loading: CALA
Loading: CARG
Loading: CASN
Loading: CASP
Loading: CCYS
Loading: CCYX
Loading: CGLN
Loading: CGLU
Loading: CGLY
Loading: CHID
Loading: CHIE
Loading: CHIP
Loading: CHYP
Loading: CILE
Loading: CLEU
Loading: CLYS
Loading: CMET
Loading: CPHE
Loading: CPRO
Loading: CSER
Loading: CTHR
Loading: CTRP
Loading: CTYR
Loading: CVAL
Loading: NHE
Loading: NME
>> loadOff aminont12.lib
Loading library: /usr/local/bin/../dat/leap/lib/aminont12.lib
Loading: ACE
Loading: NALA
Loading: NARG
Loading: NASN
Loading: NASP
Loading: NCYS
Loading: NCYX
Loading: NGLN
Loading: NGLU
Loading: NGLY
Loading: NHID
Loading: NHIE
Loading: NHIP
Loading: NILE
Loading: NLEU
Loading: NLYS
Loading: NMET
Loading: NPHE
Loading: NPRO
Loading: NSER
Loading: NTHR
Loading: NTRP
Loading: NTYR
Loading: NVAL
>> 
>> #
>> #	Define the PDB name map for the amino acids
>> #
>> addPdbResMap {
>>   { 0 "HYP" "NHYP" } { 1 "HYP" "CHYP" }
>>   { 0 "ALA" "NALA" } { 1 "ALA" "CALA" }
>>   { 0 "ARG" "NARG" } { 1 "ARG" "CARG" }
>>   { 0 "ASN" "NASN" } { 1 "ASN" "CASN" }
>>   { 0 "ASP" "NASP" } { 1 "ASP" "CASP" }
>>   { 0 "CYS" "NCYS" } { 1 "CYS" "CCYS" }
>>   { 0 "CYX" "NCYX" } { 1 "CYX" "CCYX" }
>>   { 0 "GLN" "NGLN" } { 1 "GLN" "CGLN" }
>>   { 0 "GLU" "NGLU" } { 1 "GLU" "CGLU" }
>>   { 0 "GLY" "NGLY" } { 1 "GLY" "CGLY" }
>>   { 0 "HID" "NHID" } { 1 "HID" "CHID" }
>>   { 0 "HIE" "NHIE" } { 1 "HIE" "CHIE" }
>>   { 0 "HIP" "NHIP" } { 1 "HIP" "CHIP" }
>>   { 0 "ILE" "NILE" } { 1 "ILE" "CILE" }
>>   { 0 "LEU" "NLEU" } { 1 "LEU" "CLEU" }
>>   { 0 "LYS" "NLYS" } { 1 "LYS" "CLYS" }
>>   { 0 "MET" "NMET" } { 1 "MET" "CMET" }
>>   { 0 "PHE" "NPHE" } { 1 "PHE" "CPHE" }
>>   { 0 "PRO" "NPRO" } { 1 "PRO" "CPRO" }
>>   { 0 "SER" "NSER" } { 1 "SER" "CSER" }
>>   { 0 "THR" "NTHR" } { 1 "THR" "CTHR" }
>>   { 0 "TRP" "NTRP" } { 1 "TRP" "CTRP" }
>>   { 0 "TYR" "NTYR" } { 1 "TYR" "CTYR" }
>>   { 0 "VAL" "NVAL" } { 1 "VAL" "CVAL" }
>>   { 0 "HIS" "NHIS" } { 1 "HIS" "CHIS" }
>> }
>> 
>> #
>> # assume that most often proteins use HIE
>> #
>> NHIS = NHIE
>> HIS = HIE
>> CHIS = CHIE
> 
> source leaprc.gaff
----- Source: /usr/local/bin/../dat/leap/cmd/leaprc.gaff
----- Source of /usr/local/bin/../dat/leap/cmd/leaprc.gaff done
>> logFile leap.log
log started: Mon Jul 28 15:03:30 2025

Log file: ./leap.log
>> #
>> # ----- leaprc for loading the general Amber Force field.
>> #       This file is mostly for use with Antechamber
>> #
>> #	load atom type hybridizations
>> #
>> addAtomTypes {
>> 	{ "h1"  "H" "sp3" }
>> 	{ "h2"  "H" "sp3" }
>> 	{ "h3"  "H" "sp3" }
>> 	{ "h4"  "H" "sp3" }
>> 	{ "h5"  "H" "sp3" }
>> 	{ "ha"  "H" "sp3" }
>> 	{ "hc"  "H" "sp3" }
>> 	{ "hn"  "H" "sp3" }
>> 	{ "ho"  "H" "sp3" }
>> 	{ "hp"  "H" "sp3" }
>> 	{ "hs"  "H" "sp3" }
>> 	{ "hw"  "H" "sp3" }
>> 	{ "hx"  "H" "sp3" }
>> 	{ "o"  "O" "sp2" }
>> 	{ "o2"  "O" "sp2" }
>> 	{ "oh"  "O" "sp3" }
>> 	{ "os"  "O" "sp3" }
>> 	{ "ow"  "O" "sp3" }
>> 	{ "c"  "C" "sp2" }
>> 	{ "c1"  "C" "sp2" }
>> 	{ "c2"  "C" "sp2" }
>> 	{ "c3"  "C" "sp3" }
>> 	{ "ca"  "C" "sp2" }
>> 	{ "cc"  "C" "sp2" }
>> 	{ "cd"  "C" "sp2" }
>> 	{ "ce"  "C" "sp2" }
>> 	{ "cf"  "C" "sp2" }
>> 	{ "cg"  "C" "sp2" }
>> 	{ "ch"  "C" "sp2" }
>> 	{ "cp"  "C" "sp2" }
>> 	{ "cq"  "C" "sp2" }
>> 	{ "cu"  "C" "sp2" }
>> 	{ "cv"  "C" "sp2" }
>> 	{ "cx"  "C" "sp2" }
>> 	{ "cy"  "C" "sp2" }
>> 	{ "cz"  "C" "sp2" }
>> 	{ "n"   "N" "sp2" }
>> 	{ "n1"  "N" "sp2" }
>> 	{ "n2"  "N" "sp2" }
>> 	{ "n3"  "N" "sp3" }
>> 	{ "n4"  "N" "sp3" }
>> 	{ "na"  "N" "sp2" }
>> 	{ "nb"  "N" "sp2" }
>> 	{ "nc"  "N" "sp2" }
>> 	{ "nd"  "N" "sp2" }
>> 	{ "ne"  "N" "sp2" }
>> 	{ "nf"  "N" "sp2" }
>> 	{ "nh"  "N" "sp2" }
>> 	{ "no"  "N" "sp2" }
>> 	{ "s"   "S" "sp2" }
>> 	{ "s2"   "S" "sp2" }
>> 	{ "s3"   "S" "sp3" }
>> 	{ "s4"   "S" "sp3" }
>> 	{ "s6"   "S" "sp3" }
>> 	{ "sh"   "S" "sp3" }
>> 	{ "ss"   "S" "sp3" }
>> 	{ "sx"   "S" "sp3" }
>> 	{ "sy"   "S" "sp3" }
>> 	{ "p2"   "P" "sp2" }
>> 	{ "p3"   "P" "sp3" }
>> 	{ "p4"   "P" "sp3" }
>> 	{ "p5"   "P" "sp3" }
>> 	{ "pb"   "P" "sp3" }
>> 	{ "pc"   "P" "sp3" }
>> 	{ "pd"   "P" "sp3" }
>> 	{ "pe"   "P" "sp3" }
>> 	{ "pf"   "P" "sp3" }
>> 	{ "px"   "P" "sp3" }
>> 	{ "py"   "P" "sp3" }
>> 	{ "f"   "F" "sp3" }
>> 	{ "cl"  "Cl" "sp3" }
>> 	{ "br"  "Br" "sp3" }
>> 	{ "i"   "I"  "sp3" }
>> }
>> #
>> #	Load the general force field parameter set.
>> #
>> gaff = loadamberparams gaff.dat
Loading parameters: /usr/local/bin/../dat/leap/parm/gaff.dat
Reading title:
AMBER General Force Field for organic molecules (Version 1.8, Mar 2015)
> 
> source leaprc.water.tip3p
----- Source: /usr/local/bin/../dat/leap/cmd/leaprc.water.tip3p
----- Source of /usr/local/bin/../dat/leap/cmd/leaprc.water.tip3p done
>> #
>> #       Load water and ions for TIP3P + Joung-Chetham monovalent ions
>> #       + Li/Merz highly charged ions (+2 to +4, 12-6 normal usage set)
>> #
>> addAtomTypes {
>> 	{ "F-"   "F" "sp3" }
>> 	{ "Cl-"  "Cl" "sp3" }
>> 	{ "Br-"  "Br" "sp3" }
>> 	{ "I-"   "I"  "sp3" }
>> 	{ "Li+"  "Li"  "sp3" }
>> 	{ "Na+"  "Na"  "sp3" }
>> 	{ "K+"  "K"  "sp3" }
>> 	{ "Rb+"  "Rb"  "sp3" }
>> 	{ "Cs+"  "Cs"  "sp3" }
>> 	{ "Mg+"  "Mg"  "sp3" }
>>     { "Tl+"  "Tl"  "sp3" }
>>     { "Cu+"  "Cu"  "sp3" }
>>     { "Ag+"  "Ag"  "sp3" }
>>     { "Be2+" "Be"  "sp3" }
>>     { "Cu2+" "Cu"  "sp3" }
>>     { "Ni2+" "Ni"  "sp3" }
>>     { "Pt2+" "Pt"  "sp3" }
>>     { "Zn2+" "Zn"  "sp3" }
>>     { "Co2+" "Co"  "sp3" }
>>     { "Pd2+" "Pd"  "sp3" }
>>     { "Ag2+" "Ag"  "sp3" }
>>     { "Cr2+" "Cr"  "sp3" }
>>     { "Fe2+" "Fe"  "sp3" }
>>     { "Mg2+" "Mg"  "sp3" }
>>     { "V2+"  "V"   "sp3" }
>>     { "Mn2+" "Mn"  "sp3" }
>>     { "Hg2+" "Hg"  "sp3" }
>>     { "Cd2+" "Cd"  "sp3" }
>>     { "Yb2+" "Yb"  "sp3" }
>>     { "Ca2+" "Ca"  "sp3" }
>>     { "Sn2+" "Sn"  "sp3" }
>>     { "Pb2+" "Pb"  "sp3" }
>>     { "Eu2+" "Eu"  "sp3" }
>>     { "Sr2+" "Sr"  "sp3" }
>>     { "Sm2+" "Sm"  "sp3" }
>>     { "Ba2+" "Ba"  "sp3" }
>>     { "Ra2+" "Ra"  "sp3" }
>>     { "Al3+" "Al"  "sp3" }
>>     { "Fe3+" "Fe"  "sp3" }
>>     { "Cr3+" "Cr"  "sp3" }
>>     { "In3+" "In"  "sp3" }
>>     { "Tl3+" "Tl"  "sp3" }
>>     { "Y3+"  "Y"   "sp3" }
>>     { "La3+" "La"  "sp3" }
>>     { "Ce3+" "Ce"  "sp3" }
>>     { "Pr3+" "Pr"  "sp3" }
>>     { "Nd3+" "Nd"  "sp3" }
>>     { "Sm3+" "Sm"  "sp3" }
>>     { "Eu3+" "Eu"  "sp3" }
>>     { "Gd3+" "Gd"  "sp3" }
>>     { "Tb3+" "Tb"  "sp3" }
>>     { "Dy3+" "Dy"  "sp3" }
>>     { "Er3+" "Er"  "sp3" }
>>     { "Tm3+" "Tm"  "sp3" }
>>     { "Lu3+" "Lu"  "sp3" }
>>     { "Hf4+" "Hf"  "sp3" }
>>     { "Zr4+" "Zr"  "sp3" }
>>     { "Ce4+" "Ce"  "sp3" }
>>     { "U4+"  "U"   "sp3" }
>>     { "Pu4+" "Pu"  "sp3" }
>>     { "Th4+" "Th"  "sp3" }
>> }
>> loadOff atomic_ions.lib
Loading library: /usr/local/bin/../dat/leap/lib/atomic_ions.lib
Loading: AG
Loading: AL
Loading: Ag
Loading: BA
Loading: BR
Loading: Be
Loading: CA
Loading: CD
Loading: CE
Loading: CL
Loading: CO
Loading: CR
Loading: CS
Loading: CU
Loading: CU1
Loading: Ce
Loading: Cl-
Loading: Cr
Loading: Dy
Loading: EU
Loading: EU3
Loading: Er
Loading: F
Loading: FE
Loading: FE2
Loading: GD3
Loading: H3O+
Loading: HE+
Loading: HG
Loading: HZ+
Loading: Hf
Loading: IN
Loading: IOD
Loading: K
Loading: K+
Loading: LA
Loading: LI
Loading: LU
Loading: MG
Loading: MN
Loading: NA
Loading: NH4
Loading: NI
Loading: Na+
Loading: Nd
Loading: PB
Loading: PD
Loading: PR
Loading: PT
Loading: Pu
Loading: RB
Loading: Ra
Loading: SM
Loading: SR
Loading: Sm
Loading: Sn
Loading: TB
Loading: TL
Loading: Th
Loading: Tl
Loading: Tm
Loading: U4+
Loading: V2+
Loading: Y
Loading: YB2
Loading: ZN
Loading: Zr
>> loadOff solvents.lib
Loading library: /usr/local/bin/../dat/leap/lib/solvents.lib
Loading: CHCL3BOX
Loading: DC4
Loading: FB3
Loading: FB3BOX
Loading: FB4
Loading: FB4BOX
Loading: MEOHBOX
Loading: NMABOX
Loading: OPC
Loading: OPCBOX
Loading: PL3
Loading: POL3BOX
Loading: QSPCFWBOX
Loading: SPC
Loading: SPCBOX
Loading: SPCFWBOX
Loading: SPF
Loading: SPG
Loading: T4E
Loading: TIP3PBOX
Loading: TIP3PFBOX
Loading: TIP4PBOX
Loading: TIP4PEWBOX
Loading: TIP5PBOX
Loading: TP3
Loading: TP4
Loading: TP5
Loading: TPF
>> HOH = TP3
>> WAT = TP3
>> loadAmberParams frcmod.ionsjc_tip3p
Loading parameters: /usr/local/bin/../dat/leap/parm/frcmod.ionsjc_tip3p
Reading force field modification type file (frcmod)
Reading title:
Monovalent ion parameters for Ewald and TIP3P water from Joung & Cheatham JPCB (2008)
>> loadAmberParams frcmod.ions234lm_126_tip3p
Loading parameters: /usr/local/bin/../dat/leap/parm/frcmod.ions234lm_126_tip3p
Reading force field modification type file (frcmod)
Reading title:
Li/Merz ion parameters of divalent to tetravalent ions for TIP3P water model (12-6 normal usage set)
>> 
> 
> loadAmberPrep 4RU.prep
Loading Prep file: ./4RU.prep
Loaded UNIT: 4RU
> loadamberparams 4RU.frcmod
Loading parameters: ./4RU.frcmod
Reading force field modification type file (frcmod)
Reading title:
Remark line goes here
> loadamberparams frcmod.ions1lm_1264_tip3p
Loading parameters: /usr/local/bin/../dat/leap/parm/frcmod.ions1lm_1264_tip3p
Reading force field modification type file (frcmod)
Reading title:
Li/Merz ion parameters of monovalent ions for TIP3P water model (12-6-4 set)
(UNKNOWN ATOM TYPE: NH4+)
(UNKNOWN ATOM TYPE: HE+)
(UNKNOWN ATOM TYPE: HZ+)
(UNKNOWN ATOM TYPE: H3O+)
> loadamberparams frcmod.ions234lm_1264_tip3p
Loading parameters: /usr/local/bin/../dat/leap/parm/frcmod.ions234lm_1264_tip3p
Reading force field modification type file (frcmod)
Reading title:
Li/Merz ion parameters of divalent to tetravalent ions for TIP3P water model (12-6-4 set)
> mol = loadpdb 4zly_prep.pdb
Loading PDB file: ./4zly_prep.pdb
Enter zPdbReadScan from call depth  0.
-- residue 538: duplicate [ CB] atoms (total 2)
-- residue 538: duplicate [ HB2] atoms (total 2)
-- residue 538: duplicate [ HB3] atoms (total 2)
-- residue 538: duplicate [ HG] atoms (total 2)
-- residue 538: duplicate [ OG] atoms (total 2)
-- residue 542: duplicate [ CB] atoms (total 2)
-- residue 542: duplicate [ CD1] atoms (total 2)
-- residue 542: duplicate [ CD2] atoms (total 2)
-- residue 542: duplicate [ CG] atoms (total 2)
-- residue 542: duplicate [ HB2] atoms (total 2)
-- residue 542: duplicate [ HB3] atoms (total 2)
-- residue 542: duplicate [ HG] atoms (total 2)
-- residue 542: duplicate [HD11] atoms (total 2)
-- residue 542: duplicate [HD12] atoms (total 2)
-- residue 542: duplicate [HD13] atoms (total 2)
-- residue 542: duplicate [HD21] atoms (total 2)
-- residue 542: duplicate [HD22] atoms (total 2)
-- residue 542: duplicate [HD23] atoms (total 2)
-- residue 571: duplicate [ CB] atoms (total 2)
-- residue 571: duplicate [ CD1] atoms (total 2)
-- residue 571: duplicate [ CD2] atoms (total 2)
-- residue 571: duplicate [ CE1] atoms (total 2)
-- residue 571: duplicate [ CE2] atoms (total 2)
-- residue 571: duplicate [ CG] atoms (total 2)
-- residue 571: duplicate [ CZ] atoms (total 2)
-- residue 571: duplicate [ HB2] atoms (total 2)
-- residue 571: duplicate [ HB3] atoms (total 2)
-- residue 571: duplicate [ HD1] atoms (total 2)
-- residue 571: duplicate [ HD2] atoms (total 2)
-- residue 571: duplicate [ HE1] atoms (total 2)
-- residue 571: duplicate [ HE2] atoms (total 2)
-- residue 571: duplicate [ HH] atoms (total 2)
-- residue 571: duplicate [ OH] atoms (total 2)
-- residue 586: duplicate [ CB] atoms (total 2)
-- residue 586: duplicate [ CD1] atoms (total 2)
-- residue 586: duplicate [ CD2] atoms (total 2)
-- residue 586: duplicate [ CG] atoms (total 2)
-- residue 586: duplicate [ HB2] atoms (total 2)
-- residue 586: duplicate [ HB3] atoms (total 2)
-- residue 586: duplicate [ HG] atoms (total 2)
-- residue 586: duplicate [HD11] atoms (total 2)
-- residue 586: duplicate [HD12] atoms (total 2)
-- residue 586: duplicate [HD13] atoms (total 2)
-- residue 586: duplicate [HD21] atoms (total 2)
-- residue 586: duplicate [HD22] atoms (total 2)
-- residue 586: duplicate [HD23] atoms (total 2)
-- residue 596: duplicate [ CE] atoms (total 2)
-- residue 596: duplicate [ CG] atoms (total 2)
-- residue 596: duplicate [ HE1] atoms (total 2)
-- residue 596: duplicate [ HE2] atoms (total 2)
-- residue 596: duplicate [ HE3] atoms (total 2)
-- residue 596: duplicate [ HG2] atoms (total 2)
-- residue 596: duplicate [ HG3] atoms (total 2)
-- residue 596: duplicate [ SD] atoms (total 2)
-- residue 604: duplicate [ CB] atoms (total 2)
-- residue 604: duplicate [ HB2] atoms (total 2)
-- residue 604: duplicate [ HB3] atoms (total 2)
-- residue 604: duplicate [ HG] atoms (total 2)
-- residue 604: duplicate [ OG] atoms (total 2)
-- residue 639: duplicate [ CB] atoms (total 2)
-- residue 639: duplicate [ CG] atoms (total 2)
-- residue 639: duplicate [ HB2] atoms (total 2)
-- residue 639: duplicate [ HB3] atoms (total 2)
-- residue 639: duplicate [ OD1] atoms (total 2)
-- residue 639: duplicate [ OD2] atoms (total 2)
-- residue 410: duplicate [ CB] atoms (total 2)
-- residue 410: duplicate [ CG2] atoms (total 2)
-- residue 410: duplicate [ HB] atoms (total 2)
-- residue 410: duplicate [ HG1] atoms (total 2)
-- residue 410: duplicate [ OG1] atoms (total 2)
-- residue 410: duplicate [HG21] atoms (total 2)
-- residue 410: duplicate [HG22] atoms (total 2)
-- residue 410: duplicate [HG23] atoms (total 2)
-- residue 453: duplicate [ CB] atoms (total 2)
-- residue 453: duplicate [ HB2] atoms (total 2)
-- residue 453: duplicate [ HB3] atoms (total 2)
-- residue 453: duplicate [ HG] atoms (total 2)
-- residue 453: duplicate [ OG] atoms (total 2)
-- residue 455: duplicate [ CB] atoms (total 2)
-- residue 455: duplicate [ CD] atoms (total 2)
-- residue 455: duplicate [ CG] atoms (total 2)
-- residue 455: duplicate [ HB2] atoms (total 2)
-- residue 455: duplicate [ HB3] atoms (total 2)
-- residue 455: duplicate [ HG2] atoms (total 2)
-- residue 455: duplicate [ HG3] atoms (total 2)
-- residue 455: duplicate [ OE1] atoms (total 2)
-- residue 455: duplicate [ OE2] atoms (total 2)
-- residue 459: duplicate [ CB] atoms (total 2)
-- residue 459: duplicate [ CD] atoms (total 2)
-- residue 459: duplicate [ CG] atoms (total 2)
-- residue 459: duplicate [ HB2] atoms (total 2)
-- residue 459: duplicate [ HB3] atoms (total 2)
-- residue 459: duplicate [ HG2] atoms (total 2)
-- residue 459: duplicate [ HG3] atoms (total 2)
-- residue 459: duplicate [ NE2] atoms (total 2)
-- residue 459: duplicate [ OE1] atoms (total 2)
-- residue 459: duplicate [HE21] atoms (total 2)
-- residue 459: duplicate [HE22] atoms (total 2)
-- residue 463: duplicate [ CB] atoms (total 2)
-- residue 463: duplicate [ CG1] atoms (total 2)
-- residue 463: duplicate [ CG2] atoms (total 2)
-- residue 463: duplicate [ HB] atoms (total 2)
-- residue 463: duplicate [HG11] atoms (total 2)
-- residue 463: duplicate [HG12] atoms (total 2)
-- residue 463: duplicate [HG13] atoms (total 2)
-- residue 463: duplicate [HG21] atoms (total 2)
-- residue 463: duplicate [HG22] atoms (total 2)
-- residue 463: duplicate [HG23] atoms (total 2)
-- residue 481: duplicate [ CB] atoms (total 2)
-- residue 481: duplicate [ HB2] atoms (total 2)
-- residue 481: duplicate [ HB3] atoms (total 2)
-- residue 481: duplicate [ HG] atoms (total 2)
-- residue 481: duplicate [ SG] atoms (total 2)
-- residue 484: duplicate [ CB] atoms (total 2)
-- residue 484: duplicate [ CG] atoms (total 2)
-- residue 484: duplicate [ HB2] atoms (total 2)
-- residue 484: duplicate [ HB3] atoms (total 2)
-- residue 484: duplicate [ ND2] atoms (total 2)
-- residue 484: duplicate [ OD1] atoms (total 2)
-- residue 484: duplicate [HD21] atoms (total 2)
-- residue 484: duplicate [HD22] atoms (total 2)
-- residue 510: duplicate [ CD] atoms (total 2)
-- residue 510: duplicate [ CG] atoms (total 2)
-- residue 510: duplicate [ HG2] atoms (total 2)
-- residue 510: duplicate [ HG3] atoms (total 2)
-- residue 510: duplicate [ OE1] atoms (total 2)
-- residue 510: duplicate [ OE2] atoms (total 2)

   Warning: Atom names in each residue should be unique.
     (Same-name atoms are handled by using the first
      occurrence and by ignoring the rest.
      Frequently duplicate atom names stem from alternate
      conformations in the PDB file.)

Exit  zPdbReadScan from call depth  0.
Matching PDB residue names to LEaP variables.
(Residue 0: ACE, Terminal/beginning, was not found in name map.)
(Residue 1: GLY, Nonterminal, was not found in name map.)
(Residue 2: LEU, Nonterminal, was not found in name map.)
(Residue 3: GLY, Nonterminal, was not found in name map.)
(Residue 4: TYR, Nonterminal, was not found in name map.)
(Residue 5: GLY, Nonterminal, was not found in name map.)
(Residue 6: SER, Nonterminal, was not found in name map.)
(Residue 7: TRP, Nonterminal, was not found in name map.)
(Residue 8: GLU, Nonterminal, was not found in name map.)
(Residue 9: ILE, Nonterminal, was not found in name map.)
(Residue 10: ASP, Nonterminal, was not found in name map.)
(Residue 11: PRO, Nonterminal, was not found in name map.)
(Residue 12: LYS, Nonterminal, was not found in name map.)
(Residue 13: ASP, Nonterminal, was not found in name map.)
(Residue 14: LEU, Nonterminal, was not found in name map.)
(Residue 15: THR, Nonterminal, was not found in name map.)
(Residue 16: PHE, Nonterminal, was not found in name map.)
(Residue 17: LEU, Nonterminal, was not found in name map.)
(Residue 18: LYS, Nonterminal, was not found in name map.)
(Residue 19: GLU, Nonterminal, was not found in name map.)
(Residue 20: LEU, Nonterminal, was not found in name map.)
(Residue 21: GLY, Nonterminal, was not found in name map.)
(Residue 22: THR, Nonterminal, was not found in name map.)
(Residue 23: GLY, Nonterminal, was not found in name map.)
(Residue 24: GLN, Nonterminal, was not found in name map.)
(Residue 25: PHE, Nonterminal, was not found in name map.)
(Residue 26: GLY, Nonterminal, was not found in name map.)
(Residue 27: VAL, Nonterminal, was not found in name map.)
(Residue 28: VAL, Nonterminal, was not found in name map.)
(Residue 29: LYS, Nonterminal, was not found in name map.)
(Residue 30: TYR, Nonterminal, was not found in name map.)
(Residue 31: GLY, Nonterminal, was not found in name map.)
(Residue 32: LYS, Nonterminal, was not found in name map.)
(Residue 33: TRP, Nonterminal, was not found in name map.)
(Residue 34: ARG, Nonterminal, was not found in name map.)
(Residue 35: GLY, Nonterminal, was not found in name map.)
(Residue 36: GLN, Nonterminal, was not found in name map.)
(Residue 37: TYR, Nonterminal, was not found in name map.)
(Residue 38: ASP, Nonterminal, was not found in name map.)
(Residue 39: VAL, Nonterminal, was not found in name map.)
(Residue 40: ALA, Nonterminal, was not found in name map.)
(Residue 41: ILE, Nonterminal, was not found in name map.)
(Residue 42: LYS, Nonterminal, was not found in name map.)
(Residue 43: MET, Nonterminal, was not found in name map.)
(Residue 44: ILE, Nonterminal, was not found in name map.)
(Residue 45: LYS, Nonterminal, was not found in name map.)
(Residue 46: GLU, Nonterminal, was not found in name map.)
(Residue 47: GLY, Nonterminal, was not found in name map.)
(Residue 48: SER, Nonterminal, was not found in name map.)
(Residue 49: MET, Nonterminal, was not found in name map.)
(Residue 50: SER, Nonterminal, was not found in name map.)
(Residue 51: GLU, Nonterminal, was not found in name map.)
(Residue 52: ASP, Nonterminal, was not found in name map.)
(Residue 53: GLU, Nonterminal, was not found in name map.)
(Residue 54: PHE, Nonterminal, was not found in name map.)
(Residue 55: ILE, Nonterminal, was not found in name map.)
(Residue 56: GLU, Nonterminal, was not found in name map.)
(Residue 57: GLU, Nonterminal, was not found in name map.)
(Residue 58: ALA, Nonterminal, was not found in name map.)
(Residue 59: LYS, Nonterminal, was not found in name map.)
(Residue 60: VAL, Nonterminal, was not found in name map.)
(Residue 61: MET, Nonterminal, was not found in name map.)
(Residue 62: MET, Nonterminal, was not found in name map.)
(Residue 63: ASN, Nonterminal, was not found in name map.)
(Residue 64: LEU, Nonterminal, was not found in name map.)
(Residue 65: SER, Nonterminal, was not found in name map.)
(Residue 66: HIE, Nonterminal, was not found in name map.)
(Residue 67: GLU, Nonterminal, was not found in name map.)
(Residue 68: LYS, Nonterminal, was not found in name map.)
(Residue 69: LEU, Nonterminal, was not found in name map.)
(Residue 70: VAL, Nonterminal, was not found in name map.)
(Residue 71: GLN, Nonterminal, was not found in name map.)
(Residue 72: LEU, Nonterminal, was not found in name map.)
(Residue 73: TYR, Nonterminal, was not found in name map.)
(Residue 74: GLY, Nonterminal, was not found in name map.)
(Residue 75: VAL, Nonterminal, was not found in name map.)
(Residue 76: CYS, Nonterminal, was not found in name map.)
(Residue 77: THR, Nonterminal, was not found in name map.)
(Residue 78: LYS, Nonterminal, was not found in name map.)
(Residue 79: GLN, Nonterminal, was not found in name map.)
(Residue 80: ARG, Nonterminal, was not found in name map.)
(Residue 81: PRO, Nonterminal, was not found in name map.)
(Residue 82: ILE, Nonterminal, was not found in name map.)
(Residue 83: PHE, Nonterminal, was not found in name map.)
(Residue 84: ILE, Nonterminal, was not found in name map.)
(Residue 85: ILE, Nonterminal, was not found in name map.)
(Residue 86: THR, Nonterminal, was not found in name map.)
(Residue 87: GLU, Nonterminal, was not found in name map.)
(Residue 88: TYR, Nonterminal, was not found in name map.)
(Residue 89: MET, Nonterminal, was not found in name map.)
(Residue 90: ALA, Nonterminal, was not found in name map.)
(Residue 91: ASN, Nonterminal, was not found in name map.)
(Residue 92: GLY, Nonterminal, was not found in name map.)
(Residue 93: CYS, Nonterminal, was not found in name map.)
(Residue 94: LEU, Nonterminal, was not found in name map.)
(Residue 95: LEU, Nonterminal, was not found in name map.)
(Residue 96: ASN, Nonterminal, was not found in name map.)
(Residue 97: TYR, Nonterminal, was not found in name map.)
(Residue 98: LEU, Nonterminal, was not found in name map.)
(Residue 99: ARG, Nonterminal, was not found in name map.)
(Residue 100: GLU, Nonterminal, was not found in name map.)
(Residue 101: MET, Nonterminal, was not found in name map.)
(Residue 102: ARG, Nonterminal, was not found in name map.)
(Residue 103: HID, Nonterminal, was not found in name map.)
(Residue 104: ARG, Nonterminal, was not found in name map.)
(Residue 105: PHE, Nonterminal, was not found in name map.)
(Residue 106: GLN, Nonterminal, was not found in name map.)
(Residue 107: THR, Nonterminal, was not found in name map.)
(Residue 108: GLN, Nonterminal, was not found in name map.)
(Residue 109: GLN, Nonterminal, was not found in name map.)
(Residue 110: LEU, Nonterminal, was not found in name map.)
(Residue 111: LEU, Nonterminal, was not found in name map.)
(Residue 112: GLU, Nonterminal, was not found in name map.)
(Residue 113: MET, Nonterminal, was not found in name map.)
(Residue 114: CYS, Nonterminal, was not found in name map.)
(Residue 115: LYS, Nonterminal, was not found in name map.)
(Residue 116: ASP, Nonterminal, was not found in name map.)
(Residue 117: VAL, Nonterminal, was not found in name map.)
(Residue 118: CYS, Nonterminal, was not found in name map.)
(Residue 119: GLU, Nonterminal, was not found in name map.)
(Residue 120: ALA, Nonterminal, was not found in name map.)
(Residue 121: MET, Nonterminal, was not found in name map.)
(Residue 122: GLU, Nonterminal, was not found in name map.)
(Residue 123: TYR, Nonterminal, was not found in name map.)
(Residue 124: LEU, Nonterminal, was not found in name map.)
(Residue 125: GLU, Nonterminal, was not found in name map.)
(Residue 126: SER, Nonterminal, was not found in name map.)
(Residue 127: LYS, Nonterminal, was not found in name map.)
(Residue 128: GLN, Nonterminal, was not found in name map.)
(Residue 129: PHE, Nonterminal, was not found in name map.)
(Residue 130: LEU, Nonterminal, was not found in name map.)
(Residue 131: HIE, Nonterminal, was not found in name map.)
(Residue 132: ARG, Nonterminal, was not found in name map.)
(Residue 133: ASP, Nonterminal, was not found in name map.)
(Residue 134: LEU, Nonterminal, was not found in name map.)
(Residue 135: ALA, Nonterminal, was not found in name map.)
(Residue 136: ALA, Nonterminal, was not found in name map.)
(Residue 137: ARG, Nonterminal, was not found in name map.)
(Residue 138: ASN, Nonterminal, was not found in name map.)
(Residue 139: CYS, Nonterminal, was not found in name map.)
(Residue 140: LEU, Nonterminal, was not found in name map.)
(Residue 141: VAL, Nonterminal, was not found in name map.)
(Residue 142: ASN, Nonterminal, was not found in name map.)
(Residue 143: ASP, Nonterminal, was not found in name map.)
(Residue 144: GLN, Nonterminal, was not found in name map.)
(Residue 145: GLY, Nonterminal, was not found in name map.)
(Residue 146: VAL, Nonterminal, was not found in name map.)
(Residue 147: VAL, Nonterminal, was not found in name map.)
(Residue 148: LYS, Nonterminal, was not found in name map.)
(Residue 149: VAL, Nonterminal, was not found in name map.)
(Residue 150: SER, Nonterminal, was not found in name map.)
(Residue 151: ASP, Nonterminal, was not found in name map.)
(Residue 152: PHE, Nonterminal, was not found in name map.)
(Residue 153: GLY, Nonterminal, was not found in name map.)
(Residue 154: LEU, Nonterminal, was not found in name map.)
(Residue 155: SER, Nonterminal, was not found in name map.)
(Residue 156: ARG, Nonterminal, was not found in name map.)
(Residue 157: TYR, Nonterminal, was not found in name map.)
(Residue 158: VAL, Nonterminal, was not found in name map.)
(Residue 159: LEU, Nonterminal, was not found in name map.)
(Residue 160: ASP, Nonterminal, was not found in name map.)
(Residue 161: ASP, Nonterminal, was not found in name map.)
(Residue 162: GLU, Nonterminal, was not found in name map.)
(Residue 163: TYR, Nonterminal, was not found in name map.)
(Residue 164: THR, Nonterminal, was not found in name map.)
(Residue 165: SER, Nonterminal, was not found in name map.)
(Residue 166: SER, Nonterminal, was not found in name map.)
(Residue 167: VAL, Nonterminal, was not found in name map.)
(Residue 168: GLY, Nonterminal, was not found in name map.)
(Residue 169: SER, Nonterminal, was not found in name map.)
(Residue 170: LYS, Nonterminal, was not found in name map.)
(Residue 171: PHE, Nonterminal, was not found in name map.)
(Residue 172: PRO, Nonterminal, was not found in name map.)
(Residue 173: VAL, Nonterminal, was not found in name map.)
(Residue 174: ARG, Nonterminal, was not found in name map.)
(Residue 175: TRP, Nonterminal, was not found in name map.)
(Residue 176: SER, Nonterminal, was not found in name map.)
(Residue 177: PRO, Nonterminal, was not found in name map.)
(Residue 178: PRO, Nonterminal, was not found in name map.)
(Residue 179: GLU, Nonterminal, was not found in name map.)
(Residue 180: VAL, Nonterminal, was not found in name map.)
(Residue 181: LEU, Nonterminal, was not found in name map.)
(Residue 182: MET, Nonterminal, was not found in name map.)
(Residue 183: TYR, Nonterminal, was not found in name map.)
(Residue 184: SER, Nonterminal, was not found in name map.)
(Residue 185: LYS, Nonterminal, was not found in name map.)
(Residue 186: PHE, Nonterminal, was not found in name map.)
(Residue 187: SER, Nonterminal, was not found in name map.)
(Residue 188: SER, Nonterminal, was not found in name map.)
(Residue 189: LYS, Nonterminal, was not found in name map.)
(Residue 190: SER, Nonterminal, was not found in name map.)
(Residue 191: ASP, Nonterminal, was not found in name map.)
(Residue 192: ILE, Nonterminal, was not found in name map.)
(Residue 193: TRP, Nonterminal, was not found in name map.)
(Residue 194: ALA, Nonterminal, was not found in name map.)
(Residue 195: PHE, Nonterminal, was not found in name map.)
(Residue 196: GLY, Nonterminal, was not found in name map.)
(Residue 197: VAL, Nonterminal, was not found in name map.)
(Residue 198: LEU, Nonterminal, was not found in name map.)
(Residue 199: MET, Nonterminal, was not found in name map.)
(Residue 200: TRP, Nonterminal, was not found in name map.)
(Residue 201: GLU, Nonterminal, was not found in name map.)
(Residue 202: ILE, Nonterminal, was not found in name map.)
(Residue 203: TYR, Nonterminal, was not found in name map.)
(Residue 204: SER, Nonterminal, was not found in name map.)
(Residue 205: LEU, Nonterminal, was not found in name map.)
(Residue 206: GLY, Nonterminal, was not found in name map.)
(Residue 207: LYS, Nonterminal, was not found in name map.)
(Residue 208: MET, Nonterminal, was not found in name map.)
(Residue 209: PRO, Nonterminal, was not found in name map.)
(Residue 210: TYR, Nonterminal, was not found in name map.)
(Residue 211: GLU, Nonterminal, was not found in name map.)
(Residue 212: ARG, Nonterminal, was not found in name map.)
(Residue 213: PHE, Nonterminal, was not found in name map.)
(Residue 214: THR, Nonterminal, was not found in name map.)
(Residue 215: ASN, Nonterminal, was not found in name map.)
(Residue 216: SER, Nonterminal, was not found in name map.)
(Residue 217: GLU, Nonterminal, was not found in name map.)
(Residue 218: THR, Nonterminal, was not found in name map.)
(Residue 219: ALA, Nonterminal, was not found in name map.)
(Residue 220: GLU, Nonterminal, was not found in name map.)
(Residue 221: HIE, Nonterminal, was not found in name map.)
(Residue 222: ILE, Nonterminal, was not found in name map.)
(Residue 223: ALA, Nonterminal, was not found in name map.)
(Residue 224: GLN, Nonterminal, was not found in name map.)
(Residue 225: GLY, Nonterminal, was not found in name map.)
(Residue 226: LEU, Nonterminal, was not found in name map.)
(Residue 227: ARG, Nonterminal, was not found in name map.)
(Residue 228: LEU, Nonterminal, was not found in name map.)
(Residue 229: TYR, Nonterminal, was not found in name map.)
(Residue 230: ARG, Nonterminal, was not found in name map.)
(Residue 231: PRO, Nonterminal, was not found in name map.)
(Residue 232: HIE, Nonterminal, was not found in name map.)
(Residue 233: LEU, Nonterminal, was not found in name map.)
(Residue 234: ALA, Nonterminal, was not found in name map.)
(Residue 235: SER, Nonterminal, was not found in name map.)
(Residue 236: GLU, Nonterminal, was not found in name map.)
(Residue 237: LYS, Nonterminal, was not found in name map.)
(Residue 238: VAL, Nonterminal, was not found in name map.)
(Residue 239: TYR, Nonterminal, was not found in name map.)
(Residue 240: THR, Nonterminal, was not found in name map.)
(Residue 241: ILE, Nonterminal, was not found in name map.)
(Residue 242: MET, Nonterminal, was not found in name map.)
(Residue 243: TYR, Nonterminal, was not found in name map.)
(Residue 244: SER, Nonterminal, was not found in name map.)
(Residue 245: CYS, Nonterminal, was not found in name map.)
(Residue 246: TRP, Nonterminal, was not found in name map.)
(Residue 247: HID, Nonterminal, was not found in name map.)
(Residue 248: GLU, Nonterminal, was not found in name map.)
(Residue 249: LYS, Nonterminal, was not found in name map.)
(Residue 250: ALA, Nonterminal, was not found in name map.)
(Residue 251: ASP, Nonterminal, was not found in name map.)
(Residue 252: GLU, Nonterminal, was not found in name map.)
(Residue 253: ARG, Nonterminal, was not found in name map.)
(Residue 254: PRO, Nonterminal, was not found in name map.)
(Residue 255: THR, Nonterminal, was not found in name map.)
(Residue 256: PHE, Nonterminal, was not found in name map.)
(Residue 257: LYS, Nonterminal, was not found in name map.)
(Residue 258: ILE, Nonterminal, was not found in name map.)
(Residue 259: LEU, Nonterminal, was not found in name map.)
(Residue 260: LEU, Nonterminal, was not found in name map.)
(Residue 261: SER, Nonterminal, was not found in name map.)
(Residue 262: ASN, Nonterminal, was not found in name map.)
(Residue 263: ILE, Nonterminal, was not found in name map.)
(Residue 264: LEU, Nonterminal, was not found in name map.)
(Residue 265: ASP, Nonterminal, was not found in name map.)
(Residue 266: VAL, Nonterminal, was not found in name map.)
(Residue 267: MET, Nonterminal, was not found in name map.)
(Residue 268: ASP, Nonterminal, was not found in name map.)
(Residue 269: GLU, Nonterminal, was not found in name map.)
(Residue 270: GLU, Nonterminal, was not found in name map.)
(Residue 271: NME, Terminal/last, was not found in name map.)
(Residue 272: 4RU, Terminal/last, was not found in name map.)
(Residue 273: HOH, Terminal/beginning, was not found in name map.)
(Residue 274: HOH, Nonterminal, was not found in name map.)
(Residue 275: HOH, Nonterminal, was not found in name map.)
(Residue 276: HOH, Nonterminal, was not found in name map.)
(Residue 277: HOH, Nonterminal, was not found in name map.)
(Residue 278: HOH, Nonterminal, was not found in name map.)
(Residue 279: HOH, Nonterminal, was not found in name map.)
(Residue 280: HOH, Nonterminal, was not found in name map.)
(Residue 281: HOH, Nonterminal, was not found in name map.)
(Residue 282: HOH, Nonterminal, was not found in name map.)
(Residue 283: HOH, Nonterminal, was not found in name map.)
(Residue 284: HOH, Nonterminal, was not found in name map.)
(Residue 285: HOH, Nonterminal, was not found in name map.)
(Residue 286: HOH, Nonterminal, was not found in name map.)
(Residue 287: HOH, Nonterminal, was not found in name map.)
(Residue 288: HOH, Nonterminal, was not found in name map.)
(Residue 289: HOH, Nonterminal, was not found in name map.)
(Residue 290: HOH, Nonterminal, was not found in name map.)
(Residue 291: HOH, Nonterminal, was not found in name map.)
(Residue 292: HOH, Nonterminal, was not found in name map.)
(Residue 293: HOH, Nonterminal, was not found in name map.)
(Residue 294: HOH, Nonterminal, was not found in name map.)
(Residue 295: HOH, Nonterminal, was not found in name map.)
(Residue 296: HOH, Terminal/last, was not found in name map.)
Joining ACE - GLY
Joining GLY - LEU
Joining LEU - GLY
Joining GLY - TYR
Joining TYR - GLY
Joining GLY - SER
Joining SER - TRP
Joining TRP - GLU
Joining GLU - ILE
Joining ILE - ASP
Joining ASP - PRO
Joining PRO - LYS
Joining LYS - ASP
Joining ASP - LEU
Joining LEU - THR
Joining THR - PHE
Joining PHE - LEU
Joining LEU - LYS
Joining LYS - GLU
Joining GLU - LEU
Joining LEU - GLY
Joining GLY - THR
Joining THR - GLY
Joining GLY - GLN
Joining GLN - PHE
Joining PHE - GLY
Joining GLY - VAL
Joining VAL - VAL
Joining VAL - LYS
Joining LYS - TYR
Joining TYR - GLY
Joining GLY - LYS
Joining LYS - TRP
Joining TRP - ARG
Joining ARG - GLY
Joining GLY - GLN
Joining GLN - TYR
Joining TYR - ASP
Joining ASP - VAL
Joining VAL - ALA
Joining ALA - ILE
Joining ILE - LYS
Joining LYS - MET
Joining MET - ILE
Joining ILE - LYS
Joining LYS - GLU
Joining GLU - GLY
Joining GLY - SER
Joining SER - MET
Joining MET - SER
Joining SER - GLU
Joining GLU - ASP
Joining ASP - GLU
Joining GLU - PHE
Joining PHE - ILE
Joining ILE - GLU
Joining GLU - GLU
Joining GLU - ALA
Joining ALA - LYS
Joining LYS - VAL
Joining VAL - MET
Joining MET - MET
Joining MET - ASN
Joining ASN - LEU
Joining LEU - SER
Joining SER - HIE
Joining HIE - GLU
Joining GLU - LYS
Joining LYS - LEU
Joining LEU - VAL
Joining VAL - GLN
Joining GLN - LEU
Joining LEU - TYR
Joining TYR - GLY
Joining GLY - VAL
Joining VAL - CYS
Joining CYS - THR
Joining THR - LYS
Joining LYS - GLN
Joining GLN - ARG
Joining ARG - PRO
Joining PRO - ILE
Joining ILE - PHE
Joining PHE - ILE
Joining ILE - ILE
Joining ILE - THR
Joining THR - GLU
Joining GLU - TYR
Joining TYR - MET
Joining MET - ALA
Joining ALA - ASN
Joining ASN - GLY
Joining GLY - CYS
Joining CYS - LEU
Joining LEU - LEU
Joining LEU - ASN
Joining ASN - TYR
Joining TYR - LEU
Joining LEU - ARG
Joining ARG - GLU
Joining GLU - MET
Joining MET - ARG
Joining ARG - HID
Joining HID - ARG
Joining ARG - PHE
Joining PHE - GLN
Joining GLN - THR
Joining THR - GLN
Joining GLN - GLN
Joining GLN - LEU
Joining LEU - LEU
Joining LEU - GLU
Joining GLU - MET
Joining MET - CYS
Joining CYS - LYS
Joining LYS - ASP
Joining ASP - VAL
Joining VAL - CYS
Joining CYS - GLU
Joining GLU - ALA
Joining ALA - MET
Joining MET - GLU
Joining GLU - TYR
Joining TYR - LEU
Joining LEU - GLU
Joining GLU - SER
Joining SER - LYS
Joining LYS - GLN
Joining GLN - PHE
Joining PHE - LEU
Joining LEU - HIE
Joining HIE - ARG
Joining ARG - ASP
Joining ASP - LEU
Joining LEU - ALA
Joining ALA - ALA
Joining ALA - ARG
Joining ARG - ASN
Joining ASN - CYS
Joining CYS - LEU
Joining LEU - VAL
Joining VAL - ASN
Joining ASN - ASP
Joining ASP - GLN
Joining GLN - GLY
Joining GLY - VAL
Joining VAL - VAL
Joining VAL - LYS
Joining LYS - VAL
Joining VAL - SER
Joining SER - ASP
Joining ASP - PHE
Joining PHE - GLY
Joining GLY - LEU
Joining LEU - SER
Joining SER - ARG
Joining ARG - TYR
Joining TYR - VAL
Joining VAL - LEU
Joining LEU - ASP
Joining ASP - ASP
Joining ASP - GLU
Joining GLU - TYR
Joining TYR - THR
Joining THR - SER
Joining SER - SER
Joining SER - VAL
Joining VAL - GLY
Joining GLY - SER
Joining SER - LYS
Joining LYS - PHE
Joining PHE - PRO
Joining PRO - VAL
Joining VAL - ARG
Joining ARG - TRP
Joining TRP - SER
Joining SER - PRO
Joining PRO - PRO
Joining PRO - GLU
Joining GLU - VAL
Joining VAL - LEU
Joining LEU - MET
Joining MET - TYR
Joining TYR - SER
Joining SER - LYS
Joining LYS - PHE
Joining PHE - SER
Joining SER - SER
Joining SER - LYS
Joining LYS - SER
Joining SER - ASP
Joining ASP - ILE
Joining ILE - TRP
Joining TRP - ALA
Joining ALA - PHE
Joining PHE - GLY
Joining GLY - VAL
Joining VAL - LEU
Joining LEU - MET
Joining MET - TRP
Joining TRP - GLU
Joining GLU - ILE
Joining ILE - TYR
Joining TYR - SER
Joining SER - LEU
Joining LEU - GLY
Joining GLY - LYS
Joining LYS - MET
Joining MET - PRO
Joining PRO - TYR
Joining TYR - GLU
Joining GLU - ARG
Joining ARG - PHE
Joining PHE - THR
Joining THR - ASN
Joining ASN - SER
Joining SER - GLU
Joining GLU - THR
Joining THR - ALA
Joining ALA - GLU
Joining GLU - HIE
Joining HIE - ILE
Joining ILE - ALA
Joining ALA - GLN
Joining GLN - GLY
Joining GLY - LEU
Joining LEU - ARG
Joining ARG - LEU
Joining LEU - TYR
Joining TYR - ARG
Joining ARG - PRO
Joining PRO - HIE
Joining HIE - LEU
Joining LEU - ALA
Joining ALA - SER
Joining SER - GLU
Joining GLU - LYS
Joining LYS - VAL
Joining VAL - TYR
Joining TYR - THR
Joining THR - ILE
Joining ILE - MET
Joining MET - TYR
Joining TYR - SER
Joining SER - CYS
Joining CYS - TRP
Joining TRP - HID
Joining HID - GLU
Joining GLU - LYS
Joining LYS - ALA
Joining ALA - ASP
Joining ASP - GLU
Joining GLU - ARG
Joining ARG - PRO
Joining PRO - THR
Joining THR - PHE
Joining PHE - LYS
Joining LYS - ILE
Joining ILE - LEU
Joining LEU - LEU
Joining LEU - SER
Joining SER - ASN
Joining ASN - ILE
Joining ILE - LEU
Joining LEU - ASP
Joining ASP - VAL
Joining VAL - MET
Joining MET - ASP
Joining ASP - GLU
Joining GLU - GLU
Joining GLU - NME
Starting new chain with TP3
Starting new chain with TP3
Starting new chain with TP3
Starting new chain with TP3
Starting new chain with TP3
Starting new chain with TP3
Starting new chain with TP3
Starting new chain with TP3
Starting new chain with TP3
Starting new chain with TP3
Starting new chain with TP3
Starting new chain with TP3
Starting new chain with TP3
Starting new chain with TP3
Starting new chain with TP3
Starting new chain with TP3
Starting new chain with TP3
Starting new chain with TP3
Starting new chain with TP3
Starting new chain with TP3
Starting new chain with TP3
Starting new chain with TP3
Starting new chain with TP3
  total atoms in file: 4603
  Leap added 8 missing atoms according to residue templates:
       8 H / lone pairs
> addions2 mol Na+ 0
7 Na+ ions required to neutralize.
Adding 7 counter ions to "mol" using 1A grid
Total solute charge:  -7.00  Max atom radius:   2.00
Grid extends from solute vdw + 1.47  to  7.47
Box:
   enclosing:  -13.25 -26.91 -29.40   44.52 51.02 34.21
   sized:			      114.75 101.09 98.60
   edge:        128.00
Resolution:      1.00 Angstrom.
Tree depth: 7
grid build: 0 sec
Volume =  2.88% of box, grid points 60353
Calculating grid charges
charges: 1 sec
Placed Na+ in mol at (-3.25, 31.09, -6.40).
Placed Na+ in mol at (26.75, -0.91, 21.60).
Placed Na+ in mol at (31.75, 12.09, 23.60).
Placed Na+ in mol at (-3.25, 27.09, -1.40).
Placed Na+ in mol at (20.75, 42.09, 15.60).
Placed Na+ in mol at (20.75, 12.09, 26.60).
Placed Na+ in mol at (6.75, 3.09, 1.60).

Done adding ions.
> addions2 mol Cl- 0
 0.000000 0 1 0
0 Cl- ion required to neutralize.
Adding 0 counter ions to "mol" using 1A grid
> solvatebox mol TIP3PBOX 15.0
  Solute vdw bounding box:              45.207 65.790 51.753
  Total bounding box for atom centers:  75.207 95.790 81.753
  Solvent unit box:                     18.774 18.774 18.774
The number of boxes:  x= 5  y= 6  z= 5
Adding box at: x=0  y=0  z=0
Center of solvent box is: 37.548698, 46.935873, 37.548698
Adding box at: x=0  y=0  z=1
Center of solvent box is: 37.548698, 46.935873, 18.774349
Adding box at: x=0  y=0  z=2
Center of solvent box is: 37.548698, 46.935873, 0.000000
Adding box at: x=0  y=0  z=3
Center of solvent box is: 37.548698, 46.935873, -18.774349
Adding box at: x=0  y=0  z=4
Center of solvent box is: 37.548698, 46.935873, -37.548698
Adding box at: x=0  y=1  z=0
Center of solvent box is: 37.548698, 28.161524, 37.548698
Adding box at: x=0  y=1  z=1
Center of solvent box is: 37.548698, 28.161524, 18.774349
Adding box at: x=0  y=1  z=2
Center of solvent box is: 37.548698, 28.161524, 0.000000
Adding box at: x=0  y=1  z=3
Center of solvent box is: 37.548698, 28.161524, -18.774349
Adding box at: x=0  y=1  z=4
Center of solvent box is: 37.548698, 28.161524, -37.548698
Adding box at: x=0  y=2  z=0
Center of solvent box is: 37.548698, 9.387175, 37.548698
Adding box at: x=0  y=2  z=1
Center of solvent box is: 37.548698, 9.387175, 18.774349
Adding box at: x=0  y=2  z=2
Center of solvent box is: 37.548698, 9.387175, 0.000000
Adding box at: x=0  y=2  z=3
Center of solvent box is: 37.548698, 9.387175, -18.774349
Adding box at: x=0  y=2  z=4
Center of solvent box is: 37.548698, 9.387175, -37.548698
Adding box at: x=0  y=3  z=0
Center of solvent box is: 37.548698, -9.387175, 37.548698
Adding box at: x=0  y=3  z=1
Center of solvent box is: 37.548698, -9.387175, 18.774349
Adding box at: x=0  y=3  z=2
Center of solvent box is: 37.548698, -9.387175, 0.000000
Adding box at: x=0  y=3  z=3
Center of solvent box is: 37.548698, -9.387175, -18.774349
Adding box at: x=0  y=3  z=4
Center of solvent box is: 37.548698, -9.387175, -37.548698
Adding box at: x=0  y=4  z=0
Center of solvent box is: 37.548698, -28.161524, 37.548698
Adding box at: x=0  y=4  z=1
Center of solvent box is: 37.548698, -28.161524, 18.774349
Adding box at: x=0  y=4  z=2
Center of solvent box is: 37.548698, -28.161524, 0.000000
Adding box at: x=0  y=4  z=3
Center of solvent box is: 37.548698, -28.161524, -18.774349
Adding box at: x=0  y=4  z=4
Center of solvent box is: 37.548698, -28.161524, -37.548698
Adding box at: x=0  y=5  z=0
Center of solvent box is: 37.548698, -46.935873, 37.548698
Adding box at: x=0  y=5  z=1
Center of solvent box is: 37.548698, -46.935873, 18.774349
Adding box at: x=0  y=5  z=2
Center of solvent box is: 37.548698, -46.935873, 0.000000
Adding box at: x=0  y=5  z=3
Center of solvent box is: 37.548698, -46.935873, -18.774349
Adding box at: x=0  y=5  z=4
Center of solvent box is: 37.548698, -46.935873, -37.548698
Adding box at: x=1  y=0  z=0
Center of solvent box is: 18.774349, 46.935873, 37.548698
Adding box at: x=1  y=0  z=1
Center of solvent box is: 18.774349, 46.935873, 18.774349
Adding box at: x=1  y=0  z=2
Center of solvent box is: 18.774349, 46.935873, 0.000000
Adding box at: x=1  y=0  z=3
Center of solvent box is: 18.774349, 46.935873, -18.774349
Adding box at: x=1  y=0  z=4
Center of solvent box is: 18.774349, 46.935873, -37.548698
Adding box at: x=1  y=1  z=0
Center of solvent box is: 18.774349, 28.161524, 37.548698
Adding box at: x=1  y=1  z=1
Center of solvent box is: 18.774349, 28.161524, 18.774349
Adding box at: x=1  y=1  z=2
Center of solvent box is: 18.774349, 28.161524, 0.000000
Adding box at: x=1  y=1  z=3
Center of solvent box is: 18.774349, 28.161524, -18.774349
Adding box at: x=1  y=1  z=4
Center of solvent box is: 18.774349, 28.161524, -37.548698
Adding box at: x=1  y=2  z=0
Center of solvent box is: 18.774349, 9.387175, 37.548698
Adding box at: x=1  y=2  z=1
Center of solvent box is: 18.774349, 9.387175, 18.774349
Adding box at: x=1  y=2  z=2
Center of solvent box is: 18.774349, 9.387175, 0.000000
Adding box at: x=1  y=2  z=3
Center of solvent box is: 18.774349, 9.387175, -18.774349
Adding box at: x=1  y=2  z=4
Center of solvent box is: 18.774349, 9.387175, -37.548698
Adding box at: x=1  y=3  z=0
Center of solvent box is: 18.774349, -9.387175, 37.548698
Adding box at: x=1  y=3  z=1
Center of solvent box is: 18.774349, -9.387175, 18.774349
Adding box at: x=1  y=3  z=2
Center of solvent box is: 18.774349, -9.387175, 0.000000
Adding box at: x=1  y=3  z=3
Center of solvent box is: 18.774349, -9.387175, -18.774349
Adding box at: x=1  y=3  z=4
Center of solvent box is: 18.774349, -9.387175, -37.548698
Adding box at: x=1  y=4  z=0
Center of solvent box is: 18.774349, -28.161524, 37.548698
Adding box at: x=1  y=4  z=1
Center of solvent box is: 18.774349, -28.161524, 18.774349
Adding box at: x=1  y=4  z=2
Center of solvent box is: 18.774349, -28.161524, 0.000000
Adding box at: x=1  y=4  z=3
Center of solvent box is: 18.774349, -28.161524, -18.774349
Adding box at: x=1  y=4  z=4
Center of solvent box is: 18.774349, -28.161524, -37.548698
Adding box at: x=1  y=5  z=0
Center of solvent box is: 18.774349, -46.935873, 37.548698
Adding box at: x=1  y=5  z=1
Center of solvent box is: 18.774349, -46.935873, 18.774349
Adding box at: x=1  y=5  z=2
Center of solvent box is: 18.774349, -46.935873, 0.000000
Adding box at: x=1  y=5  z=3
Center of solvent box is: 18.774349, -46.935873, -18.774349
Adding box at: x=1  y=5  z=4
Center of solvent box is: 18.774349, -46.935873, -37.548698
Adding box at: x=2  y=0  z=0
Center of solvent box is: 0.000000, 46.935873, 37.548698
Adding box at: x=2  y=0  z=1
Center of solvent box is: 0.000000, 46.935873, 18.774349
Adding box at: x=2  y=0  z=2
Center of solvent box is: 0.000000, 46.935873, 0.000000
Adding box at: x=2  y=0  z=3
Center of solvent box is: 0.000000, 46.935873, -18.774349
Adding box at: x=2  y=0  z=4
Center of solvent box is: 0.000000, 46.935873, -37.548698
Adding box at: x=2  y=1  z=0
Center of solvent box is: 0.000000, 28.161524, 37.548698
Adding box at: x=2  y=1  z=1
Center of solvent box is: 0.000000, 28.161524, 18.774349
Adding box at: x=2  y=1  z=2
Center of solvent box is: 0.000000, 28.161524, 0.000000
Adding box at: x=2  y=1  z=3
Center of solvent box is: 0.000000, 28.161524, -18.774349
Adding box at: x=2  y=1  z=4
Center of solvent box is: 0.000000, 28.161524, -37.548698
Adding box at: x=2  y=2  z=0
Center of solvent box is: 0.000000, 9.387175, 37.548698
Adding box at: x=2  y=2  z=1
Center of solvent box is: 0.000000, 9.387175, 18.774349
Adding box at: x=2  y=2  z=2
Center of solvent box is: 0.000000, 9.387175, 0.000000
Adding box at: x=2  y=2  z=3
Center of solvent box is: 0.000000, 9.387175, -18.774349
Adding box at: x=2  y=2  z=4
Center of solvent box is: 0.000000, 9.387175, -37.548698
Adding box at: x=2  y=3  z=0
Center of solvent box is: 0.000000, -9.387175, 37.548698
Adding box at: x=2  y=3  z=1
Center of solvent box is: 0.000000, -9.387175, 18.774349
Adding box at: x=2  y=3  z=2
Center of solvent box is: 0.000000, -9.387175, 0.000000
Adding box at: x=2  y=3  z=3
Center of solvent box is: 0.000000, -9.387175, -18.774349
Adding box at: x=2  y=3  z=4
Center of solvent box is: 0.000000, -9.387175, -37.548698
Adding box at: x=2  y=4  z=0
Center of solvent box is: 0.000000, -28.161524, 37.548698
Adding box at: x=2  y=4  z=1
Center of solvent box is: 0.000000, -28.161524, 18.774349
Adding box at: x=2  y=4  z=2
Center of solvent box is: 0.000000, -28.161524, 0.000000
Adding box at: x=2  y=4  z=3
Center of solvent box is: 0.000000, -28.161524, -18.774349
Adding box at: x=2  y=4  z=4
Center of solvent box is: 0.000000, -28.161524, -37.548698
Adding box at: x=2  y=5  z=0
Center of solvent box is: 0.000000, -46.935873, 37.548698
Adding box at: x=2  y=5  z=1
Center of solvent box is: 0.000000, -46.935873, 18.774349
Adding box at: x=2  y=5  z=2
Center of solvent box is: 0.000000, -46.935873, 0.000000
Adding box at: x=2  y=5  z=3
Center of solvent box is: 0.000000, -46.935873, -18.774349
Adding box at: x=2  y=5  z=4
Center of solvent box is: 0.000000, -46.935873, -37.548698
Adding box at: x=3  y=0  z=0
Center of solvent box is: -18.774349, 46.935873, 37.548698
Adding box at: x=3  y=0  z=1
Center of solvent box is: -18.774349, 46.935873, 18.774349
Adding box at: x=3  y=0  z=2
Center of solvent box is: -18.774349, 46.935873, 0.000000
Adding box at: x=3  y=0  z=3
Center of solvent box is: -18.774349, 46.935873, -18.774349
Adding box at: x=3  y=0  z=4
Center of solvent box is: -18.774349, 46.935873, -37.548698
Adding box at: x=3  y=1  z=0
Center of solvent box is: -18.774349, 28.161524, 37.548698
Adding box at: x=3  y=1  z=1
Center of solvent box is: -18.774349, 28.161524, 18.774349
Adding box at: x=3  y=1  z=2
Center of solvent box is: -18.774349, 28.161524, 0.000000
Adding box at: x=3  y=1  z=3
Center of solvent box is: -18.774349, 28.161524, -18.774349
Adding box at: x=3  y=1  z=4
Center of solvent box is: -18.774349, 28.161524, -37.548698
Adding box at: x=3  y=2  z=0
Center of solvent box is: -18.774349, 9.387175, 37.548698
Adding box at: x=3  y=2  z=1
Center of solvent box is: -18.774349, 9.387175, 18.774349
Adding box at: x=3  y=2  z=2
Center of solvent box is: -18.774349, 9.387175, 0.000000
Adding box at: x=3  y=2  z=3
Center of solvent box is: -18.774349, 9.387175, -18.774349
Adding box at: x=3  y=2  z=4
Center of solvent box is: -18.774349, 9.387175, -37.548698
Adding box at: x=3  y=3  z=0
Center of solvent box is: -18.774349, -9.387175, 37.548698
Adding box at: x=3  y=3  z=1
Center of solvent box is: -18.774349, -9.387175, 18.774349
Adding box at: x=3  y=3  z=2
Center of solvent box is: -18.774349, -9.387175, 0.000000
Adding box at: x=3  y=3  z=3
Center of solvent box is: -18.774349, -9.387175, -18.774349
Adding box at: x=3  y=3  z=4
Center of solvent box is: -18.774349, -9.387175, -37.548698
Adding box at: x=3  y=4  z=0
Center of solvent box is: -18.774349, -28.161524, 37.548698
Adding box at: x=3  y=4  z=1
Center of solvent box is: -18.774349, -28.161524, 18.774349
Adding box at: x=3  y=4  z=2
Center of solvent box is: -18.774349, -28.161524, 0.000000
Adding box at: x=3  y=4  z=3
Center of solvent box is: -18.774349, -28.161524, -18.774349
Adding box at: x=3  y=4  z=4
Center of solvent box is: -18.774349, -28.161524, -37.548698
Adding box at: x=3  y=5  z=0
Center of solvent box is: -18.774349, -46.935873, 37.548698
Adding box at: x=3  y=5  z=1
Center of solvent box is: -18.774349, -46.935873, 18.774349
Adding box at: x=3  y=5  z=2
Center of solvent box is: -18.774349, -46.935873, 0.000000
Adding box at: x=3  y=5  z=3
Center of solvent box is: -18.774349, -46.935873, -18.774349
Adding box at: x=3  y=5  z=4
Center of solvent box is: -18.774349, -46.935873, -37.548698
Adding box at: x=4  y=0  z=0
Center of solvent box is: -37.548698, 46.935873, 37.548698
Adding box at: x=4  y=0  z=1
Center of solvent box is: -37.548698, 46.935873, 18.774349
Adding box at: x=4  y=0  z=2
Center of solvent box is: -37.548698, 46.935873, 0.000000
Adding box at: x=4  y=0  z=3
Center of solvent box is: -37.548698, 46.935873, -18.774349
Adding box at: x=4  y=0  z=4
Center of solvent box is: -37.548698, 46.935873, -37.548698
Adding box at: x=4  y=1  z=0
Center of solvent box is: -37.548698, 28.161524, 37.548698
Adding box at: x=4  y=1  z=1
Center of solvent box is: -37.548698, 28.161524, 18.774349
Adding box at: x=4  y=1  z=2
Center of solvent box is: -37.548698, 28.161524, 0.000000
Adding box at: x=4  y=1  z=3
Center of solvent box is: -37.548698, 28.161524, -18.774349
Adding box at: x=4  y=1  z=4
Center of solvent box is: -37.548698, 28.161524, -37.548698
Adding box at: x=4  y=2  z=0
Center of solvent box is: -37.548698, 9.387175, 37.548698
Adding box at: x=4  y=2  z=1
Center of solvent box is: -37.548698, 9.387175, 18.774349
Adding box at: x=4  y=2  z=2
Center of solvent box is: -37.548698, 9.387175, 0.000000
Adding box at: x=4  y=2  z=3
Center of solvent box is: -37.548698, 9.387175, -18.774349
Adding box at: x=4  y=2  z=4
Center of solvent box is: -37.548698, 9.387175, -37.548698
Adding box at: x=4  y=3  z=0
Center of solvent box is: -37.548698, -9.387175, 37.548698
Adding box at: x=4  y=3  z=1
Center of solvent box is: -37.548698, -9.387175, 18.774349
Adding box at: x=4  y=3  z=2
Center of solvent box is: -37.548698, -9.387175, 0.000000
Adding box at: x=4  y=3  z=3
Center of solvent box is: -37.548698, -9.387175, -18.774349
Adding box at: x=4  y=3  z=4
Center of solvent box is: -37.548698, -9.387175, -37.548698
Adding box at: x=4  y=4  z=0
Center of solvent box is: -37.548698, -28.161524, 37.548698
Adding box at: x=4  y=4  z=1
Center of solvent box is: -37.548698, -28.161524, 18.774349
Adding box at: x=4  y=4  z=2
Center of solvent box is: -37.548698, -28.161524, 0.000000
Adding box at: x=4  y=4  z=3
Center of solvent box is: -37.548698, -28.161524, -18.774349
Adding box at: x=4  y=4  z=4
Center of solvent box is: -37.548698, -28.161524, -37.548698
Adding box at: x=4  y=5  z=0
Center of solvent box is: -37.548698, -46.935873, 37.548698
Adding box at: x=4  y=5  z=1
Center of solvent box is: -37.548698, -46.935873, 18.774349
Adding box at: x=4  y=5  z=2
Center of solvent box is: -37.548698, -46.935873, 0.000000
Adding box at: x=4  y=5  z=3
Center of solvent box is: -37.548698, -46.935873, -18.774349
Adding box at: x=4  y=5  z=4
Center of solvent box is: -37.548698, -46.935873, -37.548698
  Total vdw box size:                   78.650 98.441 84.508 angstroms.
  Volume: 654297.230 A^3 
  Total mass 330161.422 amu,  Density 0.838 g/cc
  Added 16533 residues.
> translate mol {-16.51, -15.928, -5.921 }
> saveamberparm mol ./complex_wat.prmtop ./complex_wat.inpcrd
Checking Unit.
Building topology.
Building atom parameters.
Building bond parameters.
Building angle parameters.
Building proper torsion parameters.
Building improper torsion parameters.
 ** Warning: No sp2 improper torsion term for  C*-CN-CB-CA
        atoms are: CG CE2 CD2 CE3
 ** Warning: No sp2 improper torsion term for  NA-CA-CN-CB
        atoms are: NE1 CZ2 CE2 CD2
 ** Warning: No sp2 improper torsion term for  C*-CN-CB-CA
        atoms are: CG CE2 CD2 CE3
 ** Warning: No sp2 improper torsion term for  NA-CA-CN-CB
        atoms are: NE1 CZ2 CE2 CD2
 ** Warning: No sp2 improper torsion term for  C*-CN-CB-CA
        atoms are: CG CE2 CD2 CE3
 ** Warning: No sp2 improper torsion term for  NA-CA-CN-CB
        atoms are: NE1 CZ2 CE2 CD2
 ** Warning: No sp2 improper torsion term for  C*-CN-CB-CA
        atoms are: CG CE2 CD2 CE3
 ** Warning: No sp2 improper torsion term for  NA-CA-CN-CB
        atoms are: NE1 CZ2 CE2 CD2
 ** Warning: No sp2 improper torsion term for  C*-CN-CB-CA
        atoms are: CG CE2 CD2 CE3
 ** Warning: No sp2 improper torsion term for  NA-CA-CN-CB
        atoms are: NE1 CZ2 CE2 CD2
 ** Warning: No sp2 improper torsion term for  C*-CN-CB-CA
        atoms are: CG CE2 CD2 CE3
 ** Warning: No sp2 improper torsion term for  NA-CA-CN-CB
        atoms are: NE1 CZ2 CE2 CD2
old PREP-specified impropers:
 <4RU 660>:  C12  C8   C7   N6  
 <4RU 660>:  C7   C9   C8   HC8 
 <4RU 660>:  C10  C8   C9   HC9 
 <4RU 660>:  C11  C9   C10  HC10
 <4RU 660>:  C10  C12  C11  HC11
 <4RU 660>:  C11  C13  C12  C7  
 <4RU 660>:  C12  C4   C13  N14 
 <4RU 660>:  C13  H141 N14  H142
 <4RU 660>:  C2   C13  C4   N5  
 <4RU 660>:  C4   N1   C2   O3  
 <4RU 660>:  C2   H1_1 N1   H1_2
 total 906 improper torsions applied
 11 improper torsions in old prep form
Building H-Bond parameters.
Incorporating Non-Bonded adjustments.
Not Marking per-residue atom chain types.
Marking per-residue atom chain types.
  (Residues lacking connect0/connect1 - 
   these don't have chain types marked:

	res	total affected

	WAT	16557
  )
 (no restraints)
> savepdb mol complex_wat.pdb
Writing pdb file: complex_wat.pdb
   printing CRYST1 record to PDB file with box info
> charge mol
Total unperturbed charge:   0.000000
Total perturbed charge:     0.000000
> quit
	Quit
