                      :-) GROMACS - gmx mdrun, 2021.4 (-:

                            GROMACS is written by:
     Andrey Alekseenko              Emile Apol              Rossen Apostolov     
         Paul Bauer           Herman J.C. Berendsen           Par Bjelkmar       
       Christian Blau           Viacheslav Bolnykh             Kevin Boyd        
     Aldert van Buuren           Rudi van Drunen             Anton Feenstra      
    Gilles Gouaillardet             Alan Gray               Gerrit Groenhof      
       Anca Hamuraru            Vincent Hindriksen          M. Eric Irrgang      
      Aleksei Iupinov           Christoph Junghans             Joe Jordan        
    Dimitrios Karkoulis            Peter Kasson                Jiri Kraus        
      Carsten Kutzner              Per Larsson              Justin A. Lemkul     
       Viveca Lindahl            Magnus Lundborg             Erik Marklund       
        Pascal Merz             Pieter Meulenhoff            Teemu Murtola       
        Szilard Pall               Sander Pronk              Roland Schulz       
       Michael Shirts            Alexey Shvetsov             Alfons Sijbers      
       Peter Tieleman              Jon Vincent              Teemu Virolainen     
     Christian Wennberg            Maarten Wolf              Artem Zhmurov       
                           and the project leaders:
        Mark Abraham, Berk Hess, Erik Lindahl, and David van der Spoel

Copyright (c) 1991-2000, University of Groningen, The Netherlands.
Copyright (c) 2001-2019, The GROMACS development team at
Uppsala University, Stockholm University and
the Royal Institute of Technology, Sweden.
check out http://www.gromacs.org for more information.

GROMACS is free software; you can redistribute it and/or modify it
under the terms of the GNU Lesser General Public License
as published by the Free Software Foundation; either version 2.1
of the License, or (at your option) any later version.

GROMACS:      gmx mdrun, version 2021.4
Executable:   /gromacs-mpi/gromacs-2021.4/build/bin//gmx_mpi
Data prefix:  /gromacs-mpi/gromacs-2021.4 (source tree)
Working dir:  /mnt/4ZLY/01_ConfSamp
Process ID:   52419
Command line:
  gmx_mpi mdrun -deffnm npt5 -ntomp 32

GROMACS version:    2021.4
Precision:          mixed
Memory model:       64 bit
MPI library:        MPI
OpenMP support:     enabled (GMX_OPENMP_MAX_THREADS = 64)
GPU support:        CUDA
SIMD instructions:  AVX2_256
FFT library:        fftw-3.3.8-sse2-avx-avx2-avx2_128
RDTSCP usage:       enabled
TNG support:        enabled
Hwloc support:      disabled
Tracing support:    disabled
C compiler:         /usr/bin/cc GNU 9.4.0
C compiler flags:   -mavx2 -mfma -Wno-missing-field-initializers -fexcess-precision=fast -funroll-all-loops -O3 -DNDEBUG
C++ compiler:       /usr/bin/c++ GNU 9.4.0
C++ compiler flags: -mavx2 -mfma -Wno-missing-field-initializers -fexcess-precision=fast -funroll-all-loops -fopenmp -O3 -DNDEBUG
CUDA compiler:      /usr/local/cuda/bin/nvcc nvcc: NVIDIA (R) Cuda compiler driver;Copyright (c) 2005-2021 NVIDIA Corporation;Built on Mon_Oct_11_21:27:02_PDT_2021;Cuda compilation tools, release 11.4, V11.4.152;Build cuda_11.4.r11.4/compiler.30521435_0
CUDA compiler flags:-std=c++17;-gencode;arch=compute_35,code=sm_35;-gencode;arch=compute_37,code=sm_37;-gencode;arch=compute_50,code=sm_50;-gencode;arch=compute_52,code=sm_52;-gencode;arch=compute_60,code=sm_60;-gencode;arch=compute_61,code=sm_61;-gencode;arch=compute_70,code=sm_70;-gencode;arch=compute_75,code=sm_75;-gencode;arch=compute_80,code=sm_80;-Wno-deprecated-gpu-targets;-gencode;arch=compute_86,code=sm_86;-gencode;arch=compute_35,code=compute_35;-gencode;arch=compute_53,code=compute_53;-gencode;arch=compute_80,code=compute_80;-use_fast_math;-D_FORCE_INLINES;-mavx2 -mfma -Wno-missing-field-initializers -fexcess-precision=fast -funroll-all-loops -fopenmp -O3 -DNDEBUG
CUDA driver:        0.0
CUDA runtime:       N/A


Running on 1 node with total 32 cores, 32 logical cores (GPU detection failed)
Hardware detected on host slave01 (the node of MPI rank 0):
  CPU info:
    Vendor: Intel
    Brand:  13th Gen Intel(R) Core(TM) i9-13900
    Family: 6   Model: 183   Stepping: 1
    Features: aes apic avx avx2 clfsh cmov cx8 cx16 f16c fma htt intel lahf mmx msr nonstop_tsc pcid pclmuldq pdcm pdpe1gb popcnt pse rdrnd rdtscp sha sse2 sse3 sse4.1 sse4.2 ssse3 tdt x2apic
  Hardware topology: Only logical processor count


++++ PLEASE READ AND CITE THE FOLLOWING REFERENCE ++++
M. J. Abraham, T. Murtola, R. Schulz, S. Páll, J. C. Smith, B. Hess, E.
Lindahl
GROMACS: High performance molecular simulations through multi-level
parallelism from laptops to supercomputers
SoftwareX 1 (2015) pp. 19-25
-------- -------- --- Thank You --- -------- --------


++++ PLEASE READ AND CITE THE FOLLOWING REFERENCE ++++
S. Páll, M. J. Abraham, C. Kutzner, B. Hess, E. Lindahl
Tackling Exascale Software Challenges in Molecular Dynamics Simulations with
GROMACS
In S. Markidis & E. Laure (Eds.), Solving Software Challenges for Exascale 8759 (2015) pp. 3-27
-------- -------- --- Thank You --- -------- --------


++++ PLEASE READ AND CITE THE FOLLOWING REFERENCE ++++
S. Pronk, S. Páll, R. Schulz, P. Larsson, P. Bjelkmar, R. Apostolov, M. R.
Shirts, J. C. Smith, P. M. Kasson, D. van der Spoel, B. Hess, and E. Lindahl
GROMACS 4.5: a high-throughput and highly parallel open source molecular
simulation toolkit
Bioinformatics 29 (2013) pp. 845-54
-------- -------- --- Thank You --- -------- --------


++++ PLEASE READ AND CITE THE FOLLOWING REFERENCE ++++
B. Hess and C. Kutzner and D. van der Spoel and E. Lindahl
GROMACS 4: Algorithms for highly efficient, load-balanced, and scalable
molecular simulation
J. Chem. Theory Comput. 4 (2008) pp. 435-447
-------- -------- --- Thank You --- -------- --------


++++ PLEASE READ AND CITE THE FOLLOWING REFERENCE ++++
D. van der Spoel, E. Lindahl, B. Hess, G. Groenhof, A. E. Mark and H. J. C.
Berendsen
GROMACS: Fast, Flexible and Free
J. Comp. Chem. 26 (2005) pp. 1701-1719
-------- -------- --- Thank You --- -------- --------


++++ PLEASE READ AND CITE THE FOLLOWING REFERENCE ++++
E. Lindahl and B. Hess and D. van der Spoel
GROMACS 3.0: A package for molecular simulation and trajectory analysis
J. Mol. Mod. 7 (2001) pp. 306-317
-------- -------- --- Thank You --- -------- --------


++++ PLEASE READ AND CITE THE FOLLOWING REFERENCE ++++
H. J. C. Berendsen, D. van der Spoel and R. van Drunen
GROMACS: A message-passing parallel molecular dynamics implementation
Comp. Phys. Comm. 91 (1995) pp. 43-56
-------- -------- --- Thank You --- -------- --------


++++ PLEASE CITE THE DOI FOR THIS VERSION OF GROMACS ++++
https://doi.org/10.5281/zenodo.5636567
-------- -------- --- Thank You --- -------- --------


The number of OpenMP threads was set by environment variable OMP_NUM_THREADS to 32 (and the command-line setting agreed with that)

Input Parameters:
   integrator                     = md
   tinit                          = 0
   dt                             = 0.002
   nsteps                         = 50000
   init-step                      = 0
   simulation-part                = 1
   mts                            = false
   comm-mode                      = Linear
   nstcomm                        = 100
   bd-fric                        = 0
   ld-seed                        = -10554178
   emtol                          = 10
   emstep                         = 0.01
   niter                          = 20
   fcstep                         = 0
   nstcgsteep                     = 1000
   nbfgscorr                      = 10
   rtpi                           = 0.05
   nstxout                        = 0
   nstvout                        = 0
   nstfout                        = 0
   nstlog                         = 5000
   nstcalcenergy                  = 100
   nstenergy                      = 0
   nstxout-compressed             = 5000
   compressed-x-precision         = 1000
   cutoff-scheme                  = Verlet
   nstlist                        = 10
   pbc                            = xyz
   periodic-molecules             = false
   verlet-buffer-tolerance        = 0.005
   rlist                          = 1
   coulombtype                    = PME
   coulomb-modifier               = Potential-shift
   rcoulomb-switch                = 0
   rcoulomb                       = 1
   epsilon-r                      = 1
   epsilon-rf                     = inf
   vdw-type                       = Cut-off
   vdw-modifier                   = Potential-shift
   rvdw-switch                    = 0
   rvdw                           = 1
   DispCorr                       = EnerPres
   table-extension                = 1
   fourierspacing                 = 0.16
   fourier-nx                     = 48
   fourier-ny                     = 60
   fourier-nz                     = 52
   pme-order                      = 4
   ewald-rtol                     = 1e-05
   ewald-rtol-lj                  = 0.001
   lj-pme-comb-rule               = Geometric
   ewald-geometry                 = 0
   epsilon-surface                = 0
   tcoupl                         = V-rescale
   nsttcouple                     = 10
   nh-chain-length                = 0
   print-nose-hoover-chain-variables = false
   pcoupl                         = Berendsen
   pcoupltype                     = Isotropic
   nstpcouple                     = 10
   tau-p                          = 2
   compressibility (3x3):
      compressibility[    0]={ 4.50000e-05,  0.00000e+00,  0.00000e+00}
      compressibility[    1]={ 0.00000e+00,  4.50000e-05,  0.00000e+00}
      compressibility[    2]={ 0.00000e+00,  0.00000e+00,  4.50000e-05}
   ref-p (3x3):
      ref-p[    0]={ 1.00000e+00,  0.00000e+00,  0.00000e+00}
      ref-p[    1]={ 0.00000e+00,  1.00000e+00,  0.00000e+00}
      ref-p[    2]={ 0.00000e+00,  0.00000e+00,  1.00000e+00}
   refcoord-scaling               = COM
   posres-com (3):
      posres-com[0]= 2.97703e-01
      posres-com[1]= 3.78853e-01
      posres-com[2]= 4.71385e-01
   posres-comB (3):
      posres-comB[0]= 2.97703e-01
      posres-comB[1]= 3.78853e-01
      posres-comB[2]= 4.71385e-01
   QMMM                           = false
qm-opts:
   ngQM                           = 0
   constraint-algorithm           = Lincs
   continuation                   = true
   Shake-SOR                      = false
   shake-tol                      = 0.0001
   lincs-order                    = 4
   lincs-iter                     = 1
   lincs-warnangle                = 30
   nwall                          = 0
   wall-type                      = 9-3
   wall-r-linpot                  = -1
   wall-atomtype[0]               = -1
   wall-atomtype[1]               = -1
   wall-density[0]                = 0
   wall-density[1]                = 0
   wall-ewald-zfac                = 3
   pull                           = false
   awh                            = false
   rotation                       = false
   interactiveMD                  = false
   disre                          = No
   disre-weighting                = Conservative
   disre-mixed                    = false
   dr-fc                          = 1000
   dr-tau                         = 0
   nstdisreout                    = 100
   orire-fc                       = 0
   orire-tau                      = 0
   nstorireout                    = 100
   free-energy                    = no
   cos-acceleration               = 0
   deform (3x3):
      deform[    0]={ 0.00000e+00,  0.00000e+00,  0.00000e+00}
      deform[    1]={ 0.00000e+00,  0.00000e+00,  0.00000e+00}
      deform[    2]={ 0.00000e+00,  0.00000e+00,  0.00000e+00}
   simulated-tempering            = false
   swapcoords                     = no
   userint1                       = 0
   userint2                       = 0
   userint3                       = 0
   userint4                       = 0
   userreal1                      = 0
   userreal2                      = 0
   userreal3                      = 0
   userreal4                      = 0
   applied-forces:
     electric-field:
       x:
         E0                       = 0
         omega                    = 0
         t0                       = 0
         sigma                    = 0
       y:
         E0                       = 0
         omega                    = 0
         t0                       = 0
         sigma                    = 0
       z:
         E0                       = 0
         omega                    = 0
         t0                       = 0
         sigma                    = 0
     density-guided-simulation:
       active                     = false
       group                      = protein
       similarity-measure         = inner-product
       atom-spreading-weight      = unity
       force-constant             = 1e+09
       gaussian-transform-spreading-width = 0.2
       gaussian-transform-spreading-range-in-multiples-of-width = 4
       reference-density-filename = reference.mrc
       nst                        = 1
       normalize-densities        = true
       adaptive-force-scaling     = false
       adaptive-force-scaling-time-constant = 4
       shift-vector               = 
       transformation-matrix      = 
grpopts:
   nrdf:     8727.76     99403.2
   ref-t:         300         300
   tau-t:         0.1         0.1
annealing:          No          No
annealing-npoints:           0           0
   acc:	           0           0           0
   nfreeze:           N           N           N
   energygrp-flags[  0]: 0

Changing nstlist from 10 to 50, rlist from 1 to 1.106

Using 1 MPI process
Using 32 OpenMP threads 

Pinning threads with an auto-selected logical core stride of 1
System total charge: 0.000
Will do PME sum in reciprocal space for electrostatic interactions.

++++ PLEASE READ AND CITE THE FOLLOWING REFERENCE ++++
U. Essmann, L. Perera, M. L. Berkowitz, T. Darden, H. Lee and L. G. Pedersen 
A smooth particle mesh Ewald method
J. Chem. Phys. 103 (1995) pp. 8577-8592
-------- -------- --- Thank You --- -------- --------

Using a Gaussian width (1/beta) of 0.320163 nm for Ewald
Potential shift: LJ r^-12: -1.000e+00 r^-6: -1.000e+00, Ewald -1.000e-05
Initialized non-bonded Ewald tables, spacing: 9.33e-04 size: 1073

Generated table with 1053 data points for 1-4 COUL.
Tabscale = 500 points/nm
Generated table with 1053 data points for 1-4 LJ6.
Tabscale = 500 points/nm
Generated table with 1053 data points for 1-4 LJ12.
Tabscale = 500 points/nm
Long Range LJ corr.: <C6> 3.1392e-04


Using SIMD 4x8 nonbonded short-range kernels

Using a dual 4x8 pair-list setup updated with dynamic pruning:
  outer list: updated every 50 steps, buffer 0.106 nm, rlist 1.106 nm
  inner list: updated every 12 steps, buffer 0.001 nm, rlist 1.001 nm
At tolerance 0.005 kJ/mol/ps per atom, equivalent classical 1x1 list would be:
  outer list: updated every 50 steps, buffer 0.232 nm, rlist 1.232 nm
  inner list: updated every 12 steps, buffer 0.046 nm, rlist 1.046 nm

Using Lorentz-Berthelot Lennard-Jones combination rule

Initializing LINear Constraint Solver

++++ PLEASE READ AND CITE THE FOLLOWING REFERENCE ++++
B. Hess and H. Bekker and H. J. C. Berendsen and J. G. E. M. Fraaije
LINCS: A Linear Constraint Solver for molecular simulations
J. Comp. Chem. 18 (1997) pp. 1463-1472
-------- -------- --- Thank You --- -------- --------

The number of constraints is 4465

++++ PLEASE READ AND CITE THE FOLLOWING REFERENCE ++++
S. Miyamoto and P. A. Kollman
SETTLE: An Analytical Version of the SHAKE and RATTLE Algorithms for Rigid
Water Models
J. Comp. Chem. 13 (1992) pp. 952-962
-------- -------- --- Thank You --- -------- --------


++++ PLEASE READ AND CITE THE FOLLOWING REFERENCE ++++
G. Bussi, D. Donadio and M. Parrinello
Canonical sampling through velocity rescaling
J. Chem. Phys. 126 (2007) pp. 014101
-------- -------- --- Thank You --- -------- --------

There are: 54090 Atoms
Center of mass motion removal mode is Linear
We have the following groups for center of mass motion removal:
  0:  rest

Started mdrun on rank 0 Mon Jul 28 15:19:06 2025

           Step           Time
              0        0.00000

   Energies (kJ/mol)
          Angle    Proper Dih. Ryckaert-Bell.          LJ-14     Coulomb-14
    9.01701e+03    5.11673e+02    1.36512e+04    4.96625e+03    5.05024e+04
        LJ (SR)  Disper. corr.   Coulomb (SR)   Coul. recip. Position Rest.
    9.38373e+04   -7.10301e+03   -8.68577e+05    4.87008e+03    3.73692e-08
      Potential    Kinetic En.   Total Energy  Conserved En.    Temperature
   -6.98324e+05    1.35496e+05   -5.62828e+05   -5.62830e+05    3.01421e+02
 Pres. DC (bar) Pressure (bar)   Constr. rmsd
   -2.18288e+02    4.07474e+01    2.78882e-05

           Step           Time
           5000       10.00000

   Energies (kJ/mol)
          Angle    Proper Dih. Ryckaert-Bell.          LJ-14     Coulomb-14
    9.19104e+03    5.14496e+02    1.36744e+04    4.92750e+03    5.05759e+04
        LJ (SR)  Disper. corr.   Coulomb (SR)   Coul. recip. Position Rest.
    9.41769e+04   -7.10202e+03   -8.69050e+05    4.87897e+03    4.54601e+02
      Potential    Kinetic En.   Total Energy  Conserved En.    Temperature
   -6.97758e+05    1.35000e+05   -5.62758e+05   -5.63996e+05    3.00316e+02
 Pres. DC (bar) Pressure (bar)   Constr. rmsd
   -2.18227e+02    8.20396e+00    2.64905e-05

           Step           Time
          10000       20.00000

   Energies (kJ/mol)
          Angle    Proper Dih. Ryckaert-Bell.          LJ-14     Coulomb-14
    8.90438e+03    5.07229e+02    1.37389e+04    4.84446e+03    5.05298e+04
        LJ (SR)  Disper. corr.   Coulomb (SR)   Coul. recip. Position Rest.
    9.38094e+04   -7.10858e+03   -8.68844e+05    4.93588e+03    4.72245e+02
      Potential    Kinetic En.   Total Energy  Conserved En.    Temperature
   -6.98210e+05    1.34926e+05   -5.63284e+05   -5.64507e+05    3.00152e+02
 Pres. DC (bar) Pressure (bar)   Constr. rmsd
   -2.18630e+02   -1.42324e+02    2.88954e-05

           Step           Time
          15000       30.00000

   Energies (kJ/mol)
          Angle    Proper Dih. Ryckaert-Bell.          LJ-14     Coulomb-14
    8.95798e+03    4.96906e+02    1.37229e+04    4.95987e+03    5.05457e+04
        LJ (SR)  Disper. corr.   Coulomb (SR)   Coul. recip. Position Rest.
    9.57477e+04   -7.10156e+03   -8.71722e+05    4.90542e+03    5.05748e+02
      Potential    Kinetic En.   Total Energy  Conserved En.    Temperature
   -6.98981e+05    1.34585e+05   -5.64395e+05   -5.64989e+05    2.99394e+02
 Pres. DC (bar) Pressure (bar)   Constr. rmsd
   -2.18199e+02    5.61650e+01    2.74440e-05

           Step           Time
          20000       40.00000

   Energies (kJ/mol)
          Angle    Proper Dih. Ryckaert-Bell.          LJ-14     Coulomb-14
    8.96953e+03    5.87192e+02    1.36978e+04    4.98051e+03    5.07943e+04
        LJ (SR)  Disper. corr.   Coulomb (SR)   Coul. recip. Position Rest.
    9.53979e+04   -7.09714e+03   -8.71429e+05    4.97147e+03    5.07010e+02
      Potential    Kinetic En.   Total Energy  Conserved En.    Temperature
   -6.98621e+05    1.34268e+05   -5.64353e+05   -5.65465e+05    2.98689e+02
 Pres. DC (bar) Pressure (bar)   Constr. rmsd
   -2.17928e+02    1.39691e+02    2.56821e-05

           Step           Time
          25000       50.00000

   Energies (kJ/mol)
          Angle    Proper Dih. Ryckaert-Bell.          LJ-14     Coulomb-14
    8.93866e+03    4.93719e+02    1.36819e+04    4.94795e+03    5.05610e+04
        LJ (SR)  Disper. corr.   Coulomb (SR)   Coul. recip. Position Rest.
    9.55122e+04   -7.10009e+03   -8.70567e+05    4.94221e+03    5.28157e+02
      Potential    Kinetic En.   Total Energy  Conserved En.    Temperature
   -6.98061e+05    1.35775e+05   -5.62287e+05   -5.65982e+05    3.02040e+02
 Pres. DC (bar) Pressure (bar)   Constr. rmsd
   -2.18109e+02    1.53481e+02    2.66635e-05

           Step           Time
          30000       60.00000

   Energies (kJ/mol)
          Angle    Proper Dih. Ryckaert-Bell.          LJ-14     Coulomb-14
    9.00977e+03    5.25639e+02    1.37981e+04    4.95165e+03    5.06413e+04
        LJ (SR)  Disper. corr.   Coulomb (SR)   Coul. recip. Position Rest.
    9.49130e+04   -7.09949e+03   -8.71167e+05    4.89180e+03    5.18934e+02
      Potential    Kinetic En.   Total Energy  Conserved En.    Temperature
   -6.99016e+05    1.34507e+05   -5.64508e+05   -5.66433e+05    2.99221e+02
 Pres. DC (bar) Pressure (bar)   Constr. rmsd
   -2.18072e+02   -4.62324e+01    2.70679e-05

           Step           Time
          35000       70.00000

   Energies (kJ/mol)
          Angle    Proper Dih. Ryckaert-Bell.          LJ-14     Coulomb-14
    9.10164e+03    5.85673e+02    1.35886e+04    4.86494e+03    5.04587e+04
        LJ (SR)  Disper. corr.   Coulomb (SR)   Coul. recip. Position Rest.
    9.49463e+04   -7.11092e+03   -8.70464e+05    4.91522e+03    4.83231e+02
      Potential    Kinetic En.   Total Energy  Conserved En.    Temperature
   -6.98631e+05    1.35545e+05   -5.63086e+05   -5.66915e+05    3.01529e+02
 Pres. DC (bar) Pressure (bar)   Constr. rmsd
   -2.18774e+02   -6.91194e+01    2.97262e-05

           Step           Time
          40000       80.00000

   Energies (kJ/mol)
          Angle    Proper Dih. Ryckaert-Bell.          LJ-14     Coulomb-14
    8.92548e+03    5.71832e+02    1.36278e+04    5.00805e+03    5.06371e+04
        LJ (SR)  Disper. corr.   Coulomb (SR)   Coul. recip. Position Rest.
    9.43528e+04   -7.10631e+03   -8.69106e+05    5.02416e+03    5.35758e+02
      Potential    Kinetic En.   Total Energy  Conserved En.    Temperature
   -6.97529e+05    1.34923e+05   -5.62607e+05   -5.67384e+05    3.00145e+02
 Pres. DC (bar) Pressure (bar)   Constr. rmsd
   -2.18491e+02    6.00049e+01    2.70039e-05

           Step           Time
          45000       90.00000

   Energies (kJ/mol)
          Angle    Proper Dih. Ryckaert-Bell.          LJ-14     Coulomb-14
    9.03704e+03    5.41336e+02    1.36565e+04    4.88091e+03    5.07505e+04
        LJ (SR)  Disper. corr.   Coulomb (SR)   Coul. recip. Position Rest.
    9.41366e+04   -7.10788e+03   -8.69423e+05    4.87225e+03    4.99649e+02
      Potential    Kinetic En.   Total Energy  Conserved En.    Temperature
   -6.98157e+05    1.35387e+05   -5.62770e+05   -5.67853e+05    3.01177e+02
 Pres. DC (bar) Pressure (bar)   Constr. rmsd
   -2.18587e+02   -4.61549e+01    2.65547e-05

           Step           Time
          50000      100.00000

Writing checkpoint, step 50000 at Mon Jul 28 15:22:03 2025


   Energies (kJ/mol)
          Angle    Proper Dih. Ryckaert-Bell.          LJ-14     Coulomb-14
    9.07543e+03    5.31367e+02    1.37316e+04    4.99634e+03    5.06369e+04
        LJ (SR)  Disper. corr.   Coulomb (SR)   Coul. recip. Position Rest.
    9.43979e+04   -7.09312e+03   -8.70616e+05    4.94879e+03    5.08753e+02
      Potential    Kinetic En.   Total Energy  Conserved En.    Temperature
   -6.98883e+05    1.34953e+05   -5.63929e+05   -5.68330e+05    3.00213e+02
 Pres. DC (bar) Pressure (bar)   Constr. rmsd
   -2.17682e+02    5.66885e+01    2.54570e-05


Energy conservation over simulation part #1 of length 100 ns, time 0 to 100 ns
  Conserved energy drift: -1.02e-03 kJ/mol/ps per atom


	<======  ###############  ==>
	<====  A V E R A G E S  ====>
	<==  ###############  ======>

	Statistics over 50001 steps using 501 frames

   Energies (kJ/mol)
          Angle    Proper Dih. Ryckaert-Bell.          LJ-14     Coulomb-14
    9.01412e+03    5.29345e+02    1.36820e+04    4.93540e+03    5.05550e+04
        LJ (SR)  Disper. corr.   Coulomb (SR)   Coul. recip. Position Rest.
    9.47542e+04   -7.10355e+03   -8.70252e+05    4.91838e+03    5.00064e+02
      Potential    Kinetic En.   Total Energy  Conserved En.    Temperature
   -6.98467e+05    1.34817e+05   -5.63650e+05   -5.65948e+05    2.99910e+02
 Pres. DC (bar) Pressure (bar)   Constr. rmsd
   -2.18322e+02   -1.54133e-01    0.00000e+00

          Box-X          Box-Y          Box-Z
    7.38172e+00    9.23916e+00    7.93153e+00

   Total Virial (kJ/mol)
    4.47677e+04   -2.32276e+02   -1.98850e+02
   -2.32838e+02    4.51342e+04   -6.58934e+01
   -1.99019e+02   -6.58295e+01    4.49231e+04

   Pressure (bar)
    8.77237e+00    1.38121e+01    1.34262e+01
    1.38466e+01   -7.21102e+00    6.34860e+00
    1.34365e+01    6.34467e+00   -2.02375e+00

      T-Protein  T-non-Protein
    2.99805e+02    2.99919e+02


	M E G A - F L O P S   A C C O U N T I N G

 NB=Group-cutoff nonbonded kernels    NxN=N-by-N cluster Verlet kernels
 RF=Reaction-Field  VdW=Van der Waals  QSTab=quadratic-spline table
 W3=SPC/TIP3p  W4=TIP4p (single or pairs)
 V&F=Potential and force  V=Potential only  F=Force only

 Computing:                               M-Number         M-Flops  % Flops
-----------------------------------------------------------------------------
 Pair Search distance check           23930.596322      215375.367     0.2
 NxN Ewald Elec. + LJ [F]            852125.879200    56240308.027    53.5
 NxN Ewald Elec. + LJ [V&F]            8624.741056      922847.293     0.9
 NxN Ewald Elec. [F]                 701083.627264    42766101.263    40.7
 NxN Ewald Elec. [V&F]                 7095.821856      596049.036     0.6
 1,4 nonbonded interactions             578.261565       52043.541     0.0
 Calc Weights                          8113.662270      292091.842     0.3
 Spread Q Bspline                    173091.461760      346182.924     0.3
 Gather F Bspline                    173091.461760     1038548.771     1.0
 3D-FFT                              257476.849434     2059814.795     2.0
 Solve PME                              144.002880        9216.184     0.0
 Shift-X                                 54.144090         324.865     0.0
 Angles                                 402.308046       67587.752     0.1
 Propers                                 45.300906       10373.907     0.0
 RB-Dihedrals                           468.159363      115635.363     0.1
 Pos. Restr.                            111.352227        5567.611     0.0
 Virial                                 270.729135        4873.124     0.0
 Stop-CM                                 27.099090         270.991     0.0
 P-Coupling                             270.504090        1623.025     0.0
 Calc-Ekin                              541.008180       14607.221     0.0
 Lincs                                  223.254465       13395.268     0.0
 Lincs-Mat                             4827.696552       19310.786     0.0
 Constraint-V                          2930.108601       26370.977     0.0
 Constraint-Vir                         270.734136        6497.619     0.0
 Settle                                 827.866557      306310.626     0.3
-----------------------------------------------------------------------------
 Total                                               105131328.178   100.0
-----------------------------------------------------------------------------


     R E A L   C Y C L E   A N D   T I M E   A C C O U N T I N G

On 1 MPI rank, each using 32 OpenMP threads

 Computing:          Num   Num      Call    Wall time         Giga-Cycles
                     Ranks Threads  Count      (s)         total sum    %
-----------------------------------------------------------------------------
 Neighbor search        1   32       1001       3.892        248.707   2.2
 Force                  1   32      50001     139.256       8898.004  78.3
 PME mesh               1   32      50001      23.961       1531.027  13.5
 NB X/F buffer ops.     1   32      99001       4.646        296.877   2.6
 Write traj.            1   32         11       0.311         19.891   0.2
 Update                 1   32      50001       1.593        101.815   0.9
 Constraints            1   32      50001       3.592        229.508   2.0
 Rest                                           0.623         39.816   0.4
-----------------------------------------------------------------------------
 Total                                        177.875      11365.644 100.0
-----------------------------------------------------------------------------
 Breakdown of PME mesh computation
-----------------------------------------------------------------------------
 PME spread             1   32      50001       9.956        636.177   5.6
 PME gather             1   32      50001       7.598        485.475   4.3
 PME 3D-FFT             1   32     100002       5.810        371.242   3.3
 PME solve Elec         1   32      50001       0.461         29.475   0.3
-----------------------------------------------------------------------------

               Core t (s)   Wall t (s)        (%)
       Time:     5688.376      177.875     3198.0
                 (ns/day)    (hour/ns)
Performance:       48.574        0.494
Finished mdrun on rank 0 Mon Jul 28 15:22:04 2025

