                      :-) GROMACS - gmx mdrun, 2021.4 (-:

                            GROMACS is written by:
     Andrey Alekseenko              Emile Apol              Rossen Apostolov     
         Paul Bauer           Herman J.C. Berendsen           Par Bjelkmar       
       Christian Blau           Viacheslav Bolnykh             Kevin Boyd        
     Aldert van Buuren           Rudi van Drunen             Anton Feenstra      
    Gilles Gouaillardet             Alan Gray               Gerrit Groenhof      
       Anca Hamuraru            Vincent Hindriksen          M. Eric Irrgang      
      Aleksei Iupinov           Christoph Junghans             Joe Jordan        
    Dimitrios Karkoulis            Peter Kasson                Jiri Kraus        
      Carsten Kutzner              Per Larsson              Justin A. Lemkul     
       Viveca Lindahl            Magnus Lundborg             Erik Marklund       
        Pascal Merz             Pieter Meulenhoff            Teemu Murtola       
        Szilard Pall               Sander Pronk              Roland Schulz       
       Michael Shirts            Alexey Shvetsov             Alfons Sijbers      
       Peter Tieleman              Jon Vincent              Teemu Virolainen     
     Christian Wennberg            Maarten Wolf              Artem Zhmurov       
                           and the project leaders:
        Mark Abraham, Berk Hess, Erik Lindahl, and David van der Spoel

Copyright (c) 1991-2000, University of Groningen, The Netherlands.
Copyright (c) 2001-2019, The GROMACS development team at
Uppsala University, Stockholm University and
the Royal Institute of Technology, Sweden.
check out http://www.gromacs.org for more information.

GROMACS is free software; you can redistribute it and/or modify it
under the terms of the GNU Lesser General Public License
as published by the Free Software Foundation; either version 2.1
of the License, or (at your option) any later version.

GROMACS:      gmx mdrun, version 2021.4
Executable:   /gromacs-mpi/gromacs-2021.4/build/bin//gmx_mpi
Data prefix:  /gromacs-mpi/gromacs-2021.4 (source tree)
Working dir:  /mnt/4ZLY/01_ConfSamp
Process ID:   52618
Command line:
  gmx_mpi mdrun -deffnm prod -ntomp 32

GROMACS version:    2021.4
Precision:          mixed
Memory model:       64 bit
MPI library:        MPI
OpenMP support:     enabled (GMX_OPENMP_MAX_THREADS = 64)
GPU support:        CUDA
SIMD instructions:  AVX2_256
FFT library:        fftw-3.3.8-sse2-avx-avx2-avx2_128
RDTSCP usage:       enabled
TNG support:        enabled
Hwloc support:      disabled
Tracing support:    disabled
C compiler:         /usr/bin/cc GNU 9.4.0
C compiler flags:   -mavx2 -mfma -Wno-missing-field-initializers -fexcess-precision=fast -funroll-all-loops -O3 -DNDEBUG
C++ compiler:       /usr/bin/c++ GNU 9.4.0
C++ compiler flags: -mavx2 -mfma -Wno-missing-field-initializers -fexcess-precision=fast -funroll-all-loops -fopenmp -O3 -DNDEBUG
CUDA compiler:      /usr/local/cuda/bin/nvcc nvcc: NVIDIA (R) Cuda compiler driver;Copyright (c) 2005-2021 NVIDIA Corporation;Built on Mon_Oct_11_21:27:02_PDT_2021;Cuda compilation tools, release 11.4, V11.4.152;Build cuda_11.4.r11.4/compiler.30521435_0
CUDA compiler flags:-std=c++17;-gencode;arch=compute_35,code=sm_35;-gencode;arch=compute_37,code=sm_37;-gencode;arch=compute_50,code=sm_50;-gencode;arch=compute_52,code=sm_52;-gencode;arch=compute_60,code=sm_60;-gencode;arch=compute_61,code=sm_61;-gencode;arch=compute_70,code=sm_70;-gencode;arch=compute_75,code=sm_75;-gencode;arch=compute_80,code=sm_80;-Wno-deprecated-gpu-targets;-gencode;arch=compute_86,code=sm_86;-gencode;arch=compute_35,code=compute_35;-gencode;arch=compute_53,code=compute_53;-gencode;arch=compute_80,code=compute_80;-use_fast_math;-D_FORCE_INLINES;-mavx2 -mfma -Wno-missing-field-initializers -fexcess-precision=fast -funroll-all-loops -fopenmp -O3 -DNDEBUG
CUDA driver:        0.0
CUDA runtime:       N/A


Running on 1 node with total 32 cores, 32 logical cores (GPU detection failed)
Hardware detected on host slave01 (the node of MPI rank 0):
  CPU info:
    Vendor: Intel
    Brand:  13th Gen Intel(R) Core(TM) i9-13900
    Family: 6   Model: 183   Stepping: 1
    Features: aes apic avx avx2 clfsh cmov cx8 cx16 f16c fma htt intel lahf mmx msr nonstop_tsc pcid pclmuldq pdcm pdpe1gb popcnt pse rdrnd rdtscp sha sse2 sse3 sse4.1 sse4.2 ssse3 tdt x2apic
  Hardware topology: Only logical processor count


++++ PLEASE READ AND CITE THE FOLLOWING REFERENCE ++++
M. J. Abraham, T. Murtola, R. Schulz, S. Páll, J. C. Smith, B. Hess, E.
Lindahl
GROMACS: High performance molecular simulations through multi-level
parallelism from laptops to supercomputers
SoftwareX 1 (2015) pp. 19-25
-------- -------- --- Thank You --- -------- --------


++++ PLEASE READ AND CITE THE FOLLOWING REFERENCE ++++
S. Páll, M. J. Abraham, C. Kutzner, B. Hess, E. Lindahl
Tackling Exascale Software Challenges in Molecular Dynamics Simulations with
GROMACS
In S. Markidis & E. Laure (Eds.), Solving Software Challenges for Exascale 8759 (2015) pp. 3-27
-------- -------- --- Thank You --- -------- --------


++++ PLEASE READ AND CITE THE FOLLOWING REFERENCE ++++
S. Pronk, S. Páll, R. Schulz, P. Larsson, P. Bjelkmar, R. Apostolov, M. R.
Shirts, J. C. Smith, P. M. Kasson, D. van der Spoel, B. Hess, and E. Lindahl
GROMACS 4.5: a high-throughput and highly parallel open source molecular
simulation toolkit
Bioinformatics 29 (2013) pp. 845-54
-------- -------- --- Thank You --- -------- --------


++++ PLEASE READ AND CITE THE FOLLOWING REFERENCE ++++
B. Hess and C. Kutzner and D. van der Spoel and E. Lindahl
GROMACS 4: Algorithms for highly efficient, load-balanced, and scalable
molecular simulation
J. Chem. Theory Comput. 4 (2008) pp. 435-447
-------- -------- --- Thank You --- -------- --------


++++ PLEASE READ AND CITE THE FOLLOWING REFERENCE ++++
D. van der Spoel, E. Lindahl, B. Hess, G. Groenhof, A. E. Mark and H. J. C.
Berendsen
GROMACS: Fast, Flexible and Free
J. Comp. Chem. 26 (2005) pp. 1701-1719
-------- -------- --- Thank You --- -------- --------


++++ PLEASE READ AND CITE THE FOLLOWING REFERENCE ++++
E. Lindahl and B. Hess and D. van der Spoel
GROMACS 3.0: A package for molecular simulation and trajectory analysis
J. Mol. Mod. 7 (2001) pp. 306-317
-------- -------- --- Thank You --- -------- --------


++++ PLEASE READ AND CITE THE FOLLOWING REFERENCE ++++
H. J. C. Berendsen, D. van der Spoel and R. van Drunen
GROMACS: A message-passing parallel molecular dynamics implementation
Comp. Phys. Comm. 91 (1995) pp. 43-56
-------- -------- --- Thank You --- -------- --------


++++ PLEASE CITE THE DOI FOR THIS VERSION OF GROMACS ++++
https://doi.org/10.5281/zenodo.5636567
-------- -------- --- Thank You --- -------- --------


The number of OpenMP threads was set by environment variable OMP_NUM_THREADS to 32 (and the command-line setting agreed with that)

Input Parameters:
   integrator                     = md
   tinit                          = 0
   dt                             = 0.002
   nsteps                         = 2500000
   init-step                      = 0
   simulation-part                = 1
   mts                            = false
   comm-mode                      = Linear
   nstcomm                        = 100
   bd-fric                        = 0
   ld-seed                        = -1075839019
   emtol                          = 10
   emstep                         = 0.01
   niter                          = 20
   fcstep                         = 0
   nstcgsteep                     = 1000
   nbfgscorr                      = 10
   rtpi                           = 0.05
   nstxout                        = 0
   nstvout                        = 0
   nstfout                        = 0
   nstlog                         = 500000
   nstcalcenergy                  = 100
   nstenergy                      = 0
   nstxout-compressed             = 500000
   compressed-x-precision         = 1000
   cutoff-scheme                  = Verlet
   nstlist                        = 10
   pbc                            = xyz
   periodic-molecules             = false
   verlet-buffer-tolerance        = 0.005
   rlist                          = 1
   coulombtype                    = PME
   coulomb-modifier               = Potential-shift
   rcoulomb-switch                = 0
   rcoulomb                       = 1
   epsilon-r                      = 1
   epsilon-rf                     = inf
   vdw-type                       = Cut-off
   vdw-modifier                   = Potential-shift
   rvdw-switch                    = 0
   rvdw                           = 1
   DispCorr                       = EnerPres
   table-extension                = 1
   fourierspacing                 = 0.16
   fourier-nx                     = 48
   fourier-ny                     = 60
   fourier-nz                     = 52
   pme-order                      = 4
   ewald-rtol                     = 1e-05
   ewald-rtol-lj                  = 0.001
   lj-pme-comb-rule               = Geometric
   ewald-geometry                 = 0
   epsilon-surface                = 0
   tcoupl                         = V-rescale
   nsttcouple                     = 10
   nh-chain-length                = 0
   print-nose-hoover-chain-variables = false
   pcoupl                         = Parrinello-Rahman
   pcoupltype                     = Isotropic
   nstpcouple                     = 10
   tau-p                          = 2
   compressibility (3x3):
      compressibility[    0]={ 4.50000e-05,  0.00000e+00,  0.00000e+00}
      compressibility[    1]={ 0.00000e+00,  4.50000e-05,  0.00000e+00}
      compressibility[    2]={ 0.00000e+00,  0.00000e+00,  4.50000e-05}
   ref-p (3x3):
      ref-p[    0]={ 1.00000e+00,  0.00000e+00,  0.00000e+00}
      ref-p[    1]={ 0.00000e+00,  1.00000e+00,  0.00000e+00}
      ref-p[    2]={ 0.00000e+00,  0.00000e+00,  1.00000e+00}
   refcoord-scaling               = COM
   posres-com (3):
      posres-com[0]= 0.00000e+00
      posres-com[1]= 0.00000e+00
      posres-com[2]= 0.00000e+00
   posres-comB (3):
      posres-comB[0]= 0.00000e+00
      posres-comB[1]= 0.00000e+00
      posres-comB[2]= 0.00000e+00
   QMMM                           = false
qm-opts:
   ngQM                           = 0
   constraint-algorithm           = Lincs
   continuation                   = true
   Shake-SOR                      = false
   shake-tol                      = 0.0001
   lincs-order                    = 4
   lincs-iter                     = 1
   lincs-warnangle                = 30
   nwall                          = 0
   wall-type                      = 9-3
   wall-r-linpot                  = -1
   wall-atomtype[0]               = -1
   wall-atomtype[1]               = -1
   wall-density[0]                = 0
   wall-density[1]                = 0
   wall-ewald-zfac                = 3
   pull                           = false
   awh                            = false
   rotation                       = false
   interactiveMD                  = false
   disre                          = No
   disre-weighting                = Conservative
   disre-mixed                    = false
   dr-fc                          = 1000
   dr-tau                         = 0
   nstdisreout                    = 100
   orire-fc                       = 0
   orire-tau                      = 0
   nstorireout                    = 100
   free-energy                    = no
   cos-acceleration               = 0
   deform (3x3):
      deform[    0]={ 0.00000e+00,  0.00000e+00,  0.00000e+00}
      deform[    1]={ 0.00000e+00,  0.00000e+00,  0.00000e+00}
      deform[    2]={ 0.00000e+00,  0.00000e+00,  0.00000e+00}
   simulated-tempering            = false
   swapcoords                     = no
   userint1                       = 0
   userint2                       = 0
   userint3                       = 0
   userint4                       = 0
   userreal1                      = 0
   userreal2                      = 0
   userreal3                      = 0
   userreal4                      = 0
   applied-forces:
     electric-field:
       x:
         E0                       = 0
         omega                    = 0
         t0                       = 0
         sigma                    = 0
       y:
         E0                       = 0
         omega                    = 0
         t0                       = 0
         sigma                    = 0
       z:
         E0                       = 0
         omega                    = 0
         t0                       = 0
         sigma                    = 0
     density-guided-simulation:
       active                     = false
       group                      = protein
       similarity-measure         = inner-product
       atom-spreading-weight      = unity
       force-constant             = 1e+09
       gaussian-transform-spreading-width = 0.2
       gaussian-transform-spreading-range-in-multiples-of-width = 4
       reference-density-filename = reference.mrc
       nst                        = 1
       normalize-densities        = true
       adaptive-force-scaling     = false
       adaptive-force-scaling-time-constant = 4
       shift-vector               = 
       transformation-matrix      = 
grpopts:
   nrdf:     8727.76     99403.2
   ref-t:         300         300
   tau-t:         0.1         0.1
annealing:          No          No
annealing-npoints:           0           0
   acc:	           0           0           0
   nfreeze:           N           N           N
   energygrp-flags[  0]: 0

Changing nstlist from 10 to 50, rlist from 1 to 1.106

Using 1 MPI process
Using 32 OpenMP threads 

Pinning threads with an auto-selected logical core stride of 1
System total charge: 0.000
Will do PME sum in reciprocal space for electrostatic interactions.

++++ PLEASE READ AND CITE THE FOLLOWING REFERENCE ++++
U. Essmann, L. Perera, M. L. Berkowitz, T. Darden, H. Lee and L. G. Pedersen 
A smooth particle mesh Ewald method
J. Chem. Phys. 103 (1995) pp. 8577-8592
-------- -------- --- Thank You --- -------- --------

Using a Gaussian width (1/beta) of 0.320163 nm for Ewald
Potential shift: LJ r^-12: -1.000e+00 r^-6: -1.000e+00, Ewald -1.000e-05
Initialized non-bonded Ewald tables, spacing: 9.33e-04 size: 1073

Generated table with 1053 data points for 1-4 COUL.
Tabscale = 500 points/nm
Generated table with 1053 data points for 1-4 LJ6.
Tabscale = 500 points/nm
Generated table with 1053 data points for 1-4 LJ12.
Tabscale = 500 points/nm
Long Range LJ corr.: <C6> 3.1392e-04


Using SIMD 4x8 nonbonded short-range kernels

Using a dual 4x8 pair-list setup updated with dynamic pruning:
  outer list: updated every 50 steps, buffer 0.106 nm, rlist 1.106 nm
  inner list: updated every 12 steps, buffer 0.001 nm, rlist 1.001 nm
At tolerance 0.005 kJ/mol/ps per atom, equivalent classical 1x1 list would be:
  outer list: updated every 50 steps, buffer 0.232 nm, rlist 1.232 nm
  inner list: updated every 12 steps, buffer 0.046 nm, rlist 1.046 nm

Using Lorentz-Berthelot Lennard-Jones combination rule

Initializing LINear Constraint Solver

++++ PLEASE READ AND CITE THE FOLLOWING REFERENCE ++++
B. Hess and H. Bekker and H. J. C. Berendsen and J. G. E. M. Fraaije
LINCS: A Linear Constraint Solver for molecular simulations
J. Comp. Chem. 18 (1997) pp. 1463-1472
-------- -------- --- Thank You --- -------- --------

The number of constraints is 4465

++++ PLEASE READ AND CITE THE FOLLOWING REFERENCE ++++
S. Miyamoto and P. A. Kollman
SETTLE: An Analytical Version of the SHAKE and RATTLE Algorithms for Rigid
Water Models
J. Comp. Chem. 13 (1992) pp. 952-962
-------- -------- --- Thank You --- -------- --------


++++ PLEASE READ AND CITE THE FOLLOWING REFERENCE ++++
G. Bussi, D. Donadio and M. Parrinello
Canonical sampling through velocity rescaling
J. Chem. Phys. 126 (2007) pp. 014101
-------- -------- --- Thank You --- -------- --------

There are: 54090 Atoms
Center of mass motion removal mode is Linear
We have the following groups for center of mass motion removal:
  0:  rest

Started mdrun on rank 0 Mon Jul 28 15:31:05 2025

           Step           Time
              0        0.00000

   Energies (kJ/mol)
          Angle    Proper Dih. Ryckaert-Bell.          LJ-14     Coulomb-14
    9.29821e+03    5.45246e+02    1.39145e+04    4.92123e+03    5.05658e+04
        LJ (SR)  Disper. corr.   Coulomb (SR)   Coul. recip.      Potential
    9.56646e+04   -7.10712e+03   -8.70607e+05    4.89348e+03   -6.97911e+05
    Kinetic En.   Total Energy  Conserved En.    Temperature Pres. DC (bar)
    1.36717e+05   -5.61194e+05   -5.61161e+05    3.04136e+02   -2.18540e+02
 Pressure (bar)   Constr. rmsd
   -2.82256e+01    3.14426e-05

Writing checkpoint, step 255500 at Mon Jul 28 15:46:05 2025


           Step           Time
         500000     1000.00000

   Energies (kJ/mol)
          Angle    Proper Dih. Ryckaert-Bell.          LJ-14     Coulomb-14
    9.17819e+03    5.53436e+02    1.37161e+04    4.87450e+03    5.07334e+04
        LJ (SR)  Disper. corr.   Coulomb (SR)   Coul. recip.      Potential
    9.55272e+04   -7.09035e+03   -8.70912e+05    4.72186e+03   -6.98698e+05
    Kinetic En.   Total Energy  Conserved En.    Temperature Pres. DC (bar)
    1.35493e+05   -5.63204e+05   -6.09682e+05    3.01414e+02   -2.17512e+02
 Pressure (bar)   Constr. rmsd
    1.10128e+02    2.72719e-05

Writing checkpoint, step 510350 at Mon Jul 28 16:01:05 2025


Writing checkpoint, step 765200 at Mon Jul 28 16:16:05 2025


           Step           Time
        1000000     2000.00000

   Energies (kJ/mol)
          Angle    Proper Dih. Ryckaert-Bell.          LJ-14     Coulomb-14
    9.08409e+03    5.38434e+02    1.37789e+04    4.96176e+03    5.06588e+04
        LJ (SR)  Disper. corr.   Coulomb (SR)   Coul. recip.      Potential
    9.48279e+04   -7.13729e+03   -8.70788e+05    4.88986e+03   -6.99186e+05
    Kinetic En.   Total Energy  Conserved En.    Temperature Pres. DC (bar)
    1.34850e+05   -5.64336e+05   -6.57399e+05    2.99982e+02   -2.20398e+02
 Pressure (bar)   Constr. rmsd
    5.71026e+01    2.77213e-05

Writing checkpoint, step 1020200 at Mon Jul 28 16:31:05 2025


Writing checkpoint, step 1275600 at Mon Jul 28 16:46:05 2025


           Step           Time
        1500000     3000.00000

   Energies (kJ/mol)
          Angle    Proper Dih. Ryckaert-Bell.          LJ-14     Coulomb-14
    9.02401e+03    6.00035e+02    1.38199e+04    4.94541e+03    5.06152e+04
        LJ (SR)  Disper. corr.   Coulomb (SR)   Coul. recip.      Potential
    9.59599e+04   -7.11939e+03   -8.72725e+05    4.79859e+03   -7.00081e+05
    Kinetic En.   Total Energy  Conserved En.    Temperature Pres. DC (bar)
    1.36418e+05   -5.63663e+05   -7.05115e+05    3.03471e+02   -2.19295e+02
 Pressure (bar)   Constr. rmsd
    1.47291e+02    2.65977e-05

Writing checkpoint, step 1530650 at Mon Jul 28 17:01:05 2025


Writing checkpoint, step 1785750 at Mon Jul 28 17:16:05 2025


           Step           Time
        2000000     4000.00000

   Energies (kJ/mol)
          Angle    Proper Dih. Ryckaert-Bell.          LJ-14     Coulomb-14
    9.28957e+03    4.84313e+02    1.36779e+04    4.84298e+03    5.07426e+04
        LJ (SR)  Disper. corr.   Coulomb (SR)   Coul. recip.      Potential
    9.45301e+04   -7.10574e+03   -8.69676e+05    5.03415e+03   -6.98180e+05
    Kinetic En.   Total Energy  Conserved En.    Temperature Pres. DC (bar)
    1.34645e+05   -5.63535e+05   -7.52807e+05    2.99527e+02   -2.18456e+02
 Pressure (bar)   Constr. rmsd
   -1.30119e+02    3.00739e-05

Writing checkpoint, step 2040500 at Mon Jul 28 17:31:05 2025


Writing checkpoint, step 2295100 at Mon Jul 28 17:46:05 2025


           Step           Time
        2500000     5000.00000

Writing checkpoint, step 2500000 at Mon Jul 28 17:58:10 2025


   Energies (kJ/mol)
          Angle    Proper Dih. Ryckaert-Bell.          LJ-14     Coulomb-14
    9.20223e+03    5.47814e+02    1.36270e+04    4.90123e+03    5.09486e+04
        LJ (SR)  Disper. corr.   Coulomb (SR)   Coul. recip.      Potential
    9.51751e+04   -7.08826e+03   -8.70732e+05    4.90861e+03   -6.98509e+05
    Kinetic En.   Total Energy  Conserved En.    Temperature Pres. DC (bar)
    1.35513e+05   -5.62996e+05   -8.00557e+05    3.01458e+02   -2.17384e+02
 Pressure (bar)   Constr. rmsd
   -1.36318e+01    2.80939e-05


Energy conservation over simulation part #1 of length 5000 ns, time 0 to 5000 ns
  Conserved energy drift: -8.85e-04 kJ/mol/ps per atom


	<======  ###############  ==>
	<====  A V E R A G E S  ====>
	<==  ###############  ======>

	Statistics over 2500001 steps using 25001 frames

   Energies (kJ/mol)
          Angle    Proper Dih. Ryckaert-Bell.          LJ-14     Coulomb-14
    9.08458e+03    5.32989e+02    1.37288e+04    4.91535e+03    5.06718e+04
        LJ (SR)  Disper. corr.   Coulomb (SR)   Coul. recip.      Potential
    9.48606e+04   -7.10395e+03   -8.70439e+05    4.91657e+03   -6.98832e+05
    Kinetic En.   Total Energy  Conserved En.    Temperature Pres. DC (bar)
    1.34857e+05   -5.63975e+05   -6.81242e+05    2.99999e+02   -2.18347e+02
 Pressure (bar)   Constr. rmsd
    9.78408e-01    0.00000e+00

          Box-X          Box-Y          Box-Z
    7.38159e+00    9.23900e+00    7.93139e+00

   Total Virial (kJ/mol)
    4.49271e+04    3.99730e+01    4.22337e+01
    4.03027e+01    4.49611e+04    4.40045e+01
    4.24703e+01    4.38068e+01    4.49258e+04

   Pressure (bar)
    1.76055e+00    1.87006e-01   -8.02642e-01
    1.66762e-01    1.62807e+00   -2.63217e-01
   -8.17168e-01   -2.51077e-01   -4.53395e-01

      T-Protein  T-non-Protein
    2.99896e+02    3.00008e+02


	M E G A - F L O P S   A C C O U N T I N G

 NB=Group-cutoff nonbonded kernels    NxN=N-by-N cluster Verlet kernels
 RF=Reaction-Field  VdW=Van der Waals  QSTab=quadratic-spline table
 W3=SPC/TIP3p  W4=TIP4p (single or pairs)
 V&F=Potential and force  V=Potential only  F=Force only

 Computing:                               M-Number         M-Flops  % Flops
-----------------------------------------------------------------------------
 Pair Search distance check         1195697.049934    10761273.449     0.2
 NxN Ewald Elec. + LJ [F]          42639594.443312  2814213233.259    53.5
 NxN Ewald Elec. + LJ [V&F]          430723.094336    46087371.094     0.9
 NxN Ewald Elec. [F]               35044353.394384  2137705557.057    40.7
 NxN Ewald Elec. [V&F]               353999.170464    29735930.319     0.6
 1,4 nonbonded interactions           28912.511565     2602126.041     0.0
 Calc Weights                        405675.162270    14604305.842     0.3
 Spread Q Bspline                   8654403.461760    17308806.924     0.3
 Gather F Bspline                   8654403.461760    51926420.771     1.0
 3D-FFT                            12873590.149434   102988721.195     2.0
 Solve PME                             7200.002880      460800.184     0.0
 Shift-X                               2704.554090       16227.325     0.0
 Angles                               20115.008046     3379321.352     0.1
 Propers                               2265.000906      518685.207     0.0
 RB-Dihedrals                         23407.509363     5781654.813     0.1
 Virial                               13533.804135      243608.474     0.0
 Stop-CM                               1352.304090       13523.041     0.0
 Calc-Ekin                            27045.108180      730217.921     0.0
 Lincs                                11162.504465      669750.268     0.0
 Lincs-Mat                           241380.096552      965520.386     0.0
 Constraint-V                        146502.558601     1318523.027     0.0
 Constraint-Vir                       13534.054136      324817.299     0.0
 Settle                               41392.516557    15315231.126     0.3
-----------------------------------------------------------------------------
 Total                                              5257671626.374   100.0
-----------------------------------------------------------------------------


     R E A L   C Y C L E   A N D   T I M E   A C C O U N T I N G

On 1 MPI rank, each using 32 OpenMP threads

 Computing:          Num   Num      Call    Wall time         Giga-Cycles
                     Ranks Threads  Count      (s)         total sum    %
-----------------------------------------------------------------------------
 Neighbor search        1   32      50001     193.819      12384.434   2.2
 Force                  1   32    2500001    6864.395     438612.823  77.8
 PME mesh               1   32    2500001    1224.138      78218.494  13.9
 NB X/F buffer ops.     1   32    4950001     238.084      15212.810   2.7
 Write traj.            1   32         15       2.682        171.350   0.0
 Update                 1   32    2500001      80.510       5144.343   0.9
 Constraints            1   32    2500001     180.930      11560.855   2.1
 Rest                                          40.430       2583.358   0.5
-----------------------------------------------------------------------------
 Total                                       8824.988     563888.466 100.0
-----------------------------------------------------------------------------
 Breakdown of PME mesh computation
-----------------------------------------------------------------------------
 PME spread             1   32    2500001     511.903      32708.980   5.8
 PME gather             1   32    2500001     390.859      24974.614   4.4
 PME 3D-FFT             1   32    5000002     291.178      18605.346   3.3
 PME solve Elec         1   32    2500001      23.242       1485.077   0.3
-----------------------------------------------------------------------------

               Core t (s)   Wall t (s)        (%)
       Time:   282394.839     8824.988     3199.9
                         2h27:04
                 (ns/day)    (hour/ns)
Performance:       48.952        0.490
Finished mdrun on rank 0 Mon Jul 28 17:58:10 2025

